{"/home/travis/build/npmtest/node-npmtest-gulp-css-spriter/test.js":{"path":"/home/travis/build/npmtest/node-npmtest-gulp-css-spriter/test.js","s":{"1":2,"2":2,"3":2,"4":2,"5":2,"6":2,"7":2,"8":1,"9":2,"10":2,"11":1,"12":1,"13":1,"14":1,"15":2,"16":2,"17":2,"18":2,"19":1,"20":1,"21":2,"22":2,"23":2,"24":1,"25":1,"26":1,"27":1,"28":1,"29":1,"30":1,"31":1,"32":1,"33":1,"34":1,"35":1,"36":1,"37":1,"38":1,"39":2,"40":2,"41":1,"42":2,"43":2,"44":1,"45":2,"46":2,"47":1,"48":2,"49":2,"50":1,"51":1,"52":1,"53":1,"54":1},"b":{"1":[2,1,1,1],"2":[1,1,1,1],"3":[1,1],"4":[1,1],"5":[1,1],"6":[1,1],"7":[1,1],"8":[1,1],"9":[1,1],"10":[1,1,1],"11":[1,1],"12":[1,1],"13":[1,1],"14":[1,1],"15":[1,1],"16":[1,1],"17":[1,1]},"f":{"1":2,"2":2,"3":2,"4":2,"5":2,"6":1,"7":1,"8":1,"9":2,"10":2,"11":2,"12":2,"13":1},"fnMap":{"1":{"name":"(anonymous_1)","line":12,"loc":{"start":{"line":12,"column":1},"end":{"line":12,"column":13}}},"2":{"name":"(anonymous_2)","line":19,"loc":{"start":{"line":19,"column":5},"end":{"line":19,"column":17}}},"3":{"name":"(anonymous_3)","line":23,"loc":{"start":{"line":23,"column":24},"end":{"line":23,"column":36}}},"4":{"name":"(anonymous_4)","line":61,"loc":{"start":{"line":61,"column":5},"end":{"line":61,"column":17}}},"5":{"name":"(anonymous_5)","line":82,"loc":{"start":{"line":82,"column":5},"end":{"line":82,"column":17}}},"6":{"name":"(anonymous_6)","line":91,"loc":{"start":{"line":91,"column":77},"end":{"line":94,"column":10}}},"7":{"name":"(anonymous_7)","line":112,"loc":{"start":{"line":112,"column":83},"end":{"line":115,"column":10}},"skip":true},"8":{"name":"(anonymous_8)","line":123,"loc":{"start":{"line":123,"column":77},"end":{"line":126,"column":10}},"skip":true},"9":{"name":"(anonymous_9)","line":139,"loc":{"start":{"line":139,"column":12},"end":{"line":139,"column":40}},"skip":true},"10":{"name":"(anonymous_10)","line":147,"loc":{"start":{"line":147,"column":77},"end":{"line":150,"column":10}},"skip":true},"11":{"name":"(anonymous_11)","line":158,"loc":{"start":{"line":158,"column":83},"end":{"line":161,"column":10}},"skip":true},"12":{"name":"(anonymous_12)","line":169,"loc":{"start":{"line":169,"column":79},"end":{"line":172,"column":10}},"skip":true},"13":{"name":"(anonymous_13)","line":180,"loc":{"start":{"line":180,"column":75},"end":{"line":183,"column":10}},"skip":true}},"statementMap":{"1":{"start":{"line":12,"column":0},"end":{"line":195,"column":5}},"2":{"start":{"line":14,"column":4},"end":{"line":14,"column":14}},"3":{"start":{"line":19,"column":4},"end":{"line":56,"column":9}},"4":{"start":{"line":21,"column":8},"end":{"line":21,"column":19}},"5":{"start":{"line":23,"column":8},"end":{"line":35,"column":13}},"6":{"start":{"line":24,"column":12},"end":{"line":34,"column":13}},"7":{"start":{"line":25,"column":16},"end":{"line":28,"column":30}},"8":{"start":{"line":30,"column":16},"end":{"line":33,"column":27}},"9":{"start":{"line":37,"column":8},"end":{"line":39,"column":21}},"10":{"start":{"line":40,"column":8},"end":{"line":53,"column":9}},"11":{"start":{"line":43,"column":12},"end":{"line":46,"column":14}},"12":{"start":{"line":47,"column":12},"end":{"line":47,"column":18}},"13":{"start":{"line":50,"column":12},"end":{"line":51,"column":46}},"14":{"start":{"line":52,"column":12},"end":{"line":52,"column":18}},"15":{"start":{"line":55,"column":8},"end":{"line":55,"column":35}},"16":{"start":{"line":61,"column":4},"end":{"line":63,"column":9}},"17":{"start":{"line":62,"column":8},"end":{"line":62,"column":15}},"18":{"start":{"line":64,"column":4},"end":{"line":77,"column":5}},"19":{"start":{"line":70,"column":8},"end":{"line":70,"column":14}},"20":{"start":{"line":76,"column":8},"end":{"line":76,"column":14}},"21":{"start":{"line":82,"column":4},"end":{"line":84,"column":9}},"22":{"start":{"line":83,"column":8},"end":{"line":83,"column":15}},"23":{"start":{"line":85,"column":4},"end":{"line":194,"column":5}},"24":{"start":{"line":91,"column":8},"end":{"line":99,"column":10}},"25":{"start":{"line":98,"column":12},"end":{"line":98,"column":35}},"26":{"start":{"line":102,"column":8},"end":{"line":104,"column":63}},"27":{"start":{"line":105,"column":8},"end":{"line":105,"column":14}},"28":{"start":{"line":112,"column":8},"end":{"line":121,"column":10},"skip":true},"29":{"start":{"line":119,"column":12},"end":{"line":119,"column":55},"skip":true},"30":{"start":{"line":120,"column":12},"end":{"line":120,"column":48},"skip":true},"31":{"start":{"line":123,"column":8},"end":{"line":136,"column":10},"skip":true},"32":{"start":{"line":130,"column":12},"end":{"line":130,"column":76},"skip":true},"33":{"start":{"line":131,"column":12},"end":{"line":131,"column":73},"skip":true},"34":{"start":{"line":132,"column":12},"end":{"line":132,"column":74},"skip":true},"35":{"start":{"line":133,"column":12},"end":{"line":133,"column":79},"skip":true},"36":{"start":{"line":134,"column":12},"end":{"line":134,"column":25},"skip":true},"37":{"start":{"line":135,"column":12},"end":{"line":135,"column":45},"skip":true},"38":{"start":{"line":138,"column":8},"end":{"line":145,"column":14},"skip":true},"39":{"start":{"line":143,"column":16},"end":{"line":143,"column":29},"skip":true},"40":{"start":{"line":144,"column":16},"end":{"line":144,"column":55},"skip":true},"41":{"start":{"line":147,"column":8},"end":{"line":156,"column":10},"skip":true},"42":{"start":{"line":154,"column":12},"end":{"line":154,"column":25},"skip":true},"43":{"start":{"line":155,"column":12},"end":{"line":155,"column":45},"skip":true},"44":{"start":{"line":158,"column":8},"end":{"line":167,"column":10},"skip":true},"45":{"start":{"line":165,"column":12},"end":{"line":165,"column":25},"skip":true},"46":{"start":{"line":166,"column":12},"end":{"line":166,"column":48},"skip":true},"47":{"start":{"line":169,"column":8},"end":{"line":178,"column":10},"skip":true},"48":{"start":{"line":176,"column":12},"end":{"line":176,"column":25},"skip":true},"49":{"start":{"line":177,"column":12},"end":{"line":177,"column":46},"skip":true},"50":{"start":{"line":180,"column":8},"end":{"line":189,"column":10},"skip":true},"51":{"start":{"line":187,"column":12},"end":{"line":187,"column":94},"skip":true},"52":{"start":{"line":188,"column":12},"end":{"line":188,"column":48},"skip":true},"53":{"start":{"line":192,"column":8},"end":{"line":192,"column":35},"skip":true},"54":{"start":{"line":193,"column":8},"end":{"line":193,"column":14},"skip":true}},"branchMap":{"1":{"line":25,"type":"binary-expr","locations":[{"start":{"line":25,"column":23},"end":{"line":25,"column":62}},{"start":{"line":26,"column":20},"end":{"line":26,"column":70}},{"start":{"line":27,"column":20},"end":{"line":27,"column":71}},{"start":{"line":28,"column":20},"end":{"line":28,"column":29}}]},"2":{"line":30,"type":"binary-expr","locations":[{"start":{"line":30,"column":23},"end":{"line":30,"column":37}},{"start":{"line":31,"column":20},"end":{"line":31,"column":61}},{"start":{"line":32,"column":20},"end":{"line":32,"column":70}},{"start":{"line":33,"column":20},"end":{"line":33,"column":26}}]},"3":{"line":37,"type":"cond-expr","locations":[{"start":{"line":38,"column":14},"end":{"line":38,"column":20}},{"start":{"line":39,"column":14},"end":{"line":39,"column":20}}]},"4":{"line":40,"type":"switch","locations":[{"start":{"line":42,"column":8},"end":{"line":47,"column":18}},{"start":{"line":49,"column":8},"end":{"line":52,"column":18}}]},"5":{"line":44,"type":"binary-expr","locations":[{"start":{"line":44,"column":16},"end":{"line":44,"column":44}},{"start":{"line":44,"column":48},"end":{"line":44,"column":66}}]},"6":{"line":50,"type":"binary-expr","locations":[{"start":{"line":50,"column":21},"end":{"line":50,"column":49}},{"start":{"line":50,"column":53},"end":{"line":50,"column":72}}]},"7":{"line":64,"type":"switch","locations":[{"start":{"line":69,"column":4},"end":{"line":70,"column":14}},{"start":{"line":75,"column":4},"end":{"line":76,"column":14}}]},"8":{"line":85,"type":"switch","locations":[{"start":{"line":90,"column":4},"end":{"line":105,"column":14}},{"start":{"line":111,"column":4},"end":{"line":193,"column":14},"skip":true}]},"9":{"line":91,"type":"binary-expr","locations":[{"start":{"line":91,"column":42},"end":{"line":91,"column":73}},{"start":{"line":91,"column":77},"end":{"line":99,"column":9}}]},"10":{"line":102,"type":"binary-expr","locations":[{"start":{"line":102,"column":18},"end":{"line":102,"column":32}},{"start":{"line":103,"column":12},"end":{"line":103,"column":53}},{"start":{"line":104,"column":12},"end":{"line":104,"column":61}}]},"11":{"line":112,"type":"binary-expr","locations":[{"start":{"line":112,"column":45},"end":{"line":112,"column":79},"skip":true},{"start":{"line":112,"column":83},"end":{"line":121,"column":9},"skip":true}]},"12":{"line":123,"type":"binary-expr","locations":[{"start":{"line":123,"column":42},"end":{"line":123,"column":73},"skip":true},{"start":{"line":123,"column":77},"end":{"line":136,"column":9},"skip":true}]},"13":{"line":138,"type":"binary-expr","locations":[{"start":{"line":138,"column":48},"end":{"line":138,"column":85},"skip":true},{"start":{"line":139,"column":12},"end":{"line":145,"column":13},"skip":true}]},"14":{"line":147,"type":"binary-expr","locations":[{"start":{"line":147,"column":42},"end":{"line":147,"column":73},"skip":true},{"start":{"line":147,"column":77},"end":{"line":156,"column":9},"skip":true}]},"15":{"line":158,"type":"binary-expr","locations":[{"start":{"line":158,"column":45},"end":{"line":158,"column":79},"skip":true},{"start":{"line":158,"column":83},"end":{"line":167,"column":9},"skip":true}]},"16":{"line":169,"type":"binary-expr","locations":[{"start":{"line":169,"column":43},"end":{"line":169,"column":75},"skip":true},{"start":{"line":169,"column":79},"end":{"line":178,"column":9},"skip":true}]},"17":{"line":180,"type":"binary-expr","locations":[{"start":{"line":180,"column":41},"end":{"line":180,"column":71},"skip":true},{"start":{"line":180,"column":75},"end":{"line":189,"column":9},"skip":true}]}},"code":["/* istanbul instrument in package npmtest_gulp_css_spriter */","/*jslint","    bitwise: true,","    browser: true,","    maxerr: 8,","    maxlen: 96,","    node: true,","    nomen: true,","    regexp: true,","    stupid: true","*/","(function () {","    'use strict';","    var local;","","","","    // run shared js-env code - pre-init","    (function () {","        // init local","        local = {};","        // init modeJs","        local.modeJs = (function () {","            try {","                return typeof navigator.userAgent === 'string' &&","                    typeof document.querySelector('body') === 'object' &&","                    typeof XMLHttpRequest.prototype.open === 'function' &&","                    'browser';","            } catch (errorCaughtBrowser) {","                return module.exports &&","                    typeof process.versions.node === 'string' &&","                    typeof require('http').createServer === 'function' &&","                    'node';","            }","        }());","        // init global","        local.global = local.modeJs === 'browser'","            ? window","            : global;","        switch (local.modeJs) {","        // re-init local from window.local","        case 'browser':","            local = local.global.utility2.objectSetDefault(","                local.global.utility2_rollup || local.global.local,","                local.global.utility2","            );","            break;","        // re-init local from example.js","        case 'node':","            local = (local.global.utility2_rollup || require('utility2'))","                .requireExampleJsFromReadme();","            break;","        }","        // export local","        local.global.local = local;","    }());","","","","    // run shared js-env code - function","    (function () {","        return;","    }());","    switch (local.modeJs) {","","","","    // run browser js-env code - function","    case 'browser':","        break;","","","","    // run node js-env code - function","    case 'node':","        break;","    }","","","","    // run shared js-env code - post-init","    (function () {","        return;","    }());","    switch (local.modeJs) {","","","","    // run browser js-env code - post-init","    case 'browser':","        local.testCase_browser_nullCase = local.testCase_browser_nullCase || function (","            options,","            onError","        ) {","        /*","         * this function will test browsers's null-case handling-behavior-behavior","         */","            onError(null, options);","        };","","        // run tests","        local.nop(local.modeTest &&","            document.querySelector('#testRunButton1') &&","            document.querySelector('#testRunButton1').click());","        break;","","","","    // run node js-env code - post-init","    /* istanbul ignore next */","    case 'node':","        local.testCase_buildApidoc_default = local.testCase_buildApidoc_default || function (","            options,","            onError","        ) {","        /*","         * this function will test buildApidoc's default handling-behavior-behavior","         */","            options = { modulePathList: module.paths };","            local.buildApidoc(options, onError);","        };","","        local.testCase_buildApp_default = local.testCase_buildApp_default || function (","            options,","            onError","        ) {","        /*","         * this function will test buildApp's default handling-behavior-behavior","         */","            local.testCase_buildReadme_default(options, local.onErrorThrow);","            local.testCase_buildLib_default(options, local.onErrorThrow);","            local.testCase_buildTest_default(options, local.onErrorThrow);","            local.testCase_buildCustomOrg_default(options, local.onErrorThrow);","            options = [];","            local.buildApp(options, onError);","        };","","        local.testCase_buildCustomOrg_default = local.testCase_buildCustomOrg_default ||","            function (options, onError) {","            /*","             * this function will test buildCustomOrg's default handling-behavior","             */","                options = {};","                local.buildCustomOrg(options, onError);","            };","","        local.testCase_buildLib_default = local.testCase_buildLib_default || function (","            options,","            onError","        ) {","        /*","         * this function will test buildLib's default handling-behavior","         */","            options = {};","            local.buildLib(options, onError);","        };","","        local.testCase_buildReadme_default = local.testCase_buildReadme_default || function (","            options,","            onError","        ) {","        /*","         * this function will test buildReadme's default handling-behavior-behavior","         */","            options = {};","            local.buildReadme(options, onError);","        };","","        local.testCase_buildTest_default = local.testCase_buildTest_default || function (","            options,","            onError","        ) {","        /*","         * this function will test buildTest's default handling-behavior","         */","            options = {};","            local.buildTest(options, onError);","        };","","        local.testCase_webpage_default = local.testCase_webpage_default || function (","            options,","            onError","        ) {","        /*","         * this function will test webpage's default handling-behavior","         */","            options = { modeCoverageMerge: true, url: local.serverLocalHost + '?modeTest=1' };","            local.browserTest(options, onError);","        };","","        // run test-server","        local.testRunServer(local);","        break;","    }","}());",""],"l":{"12":2,"14":2,"19":2,"21":2,"23":2,"24":2,"25":2,"30":1,"37":2,"40":2,"43":1,"47":1,"50":1,"52":1,"55":2,"61":2,"62":2,"64":2,"70":1,"76":1,"82":2,"83":2,"85":2,"91":1,"98":1,"102":1,"105":1,"112":1,"119":1,"120":1,"123":1,"130":1,"131":1,"132":1,"133":1,"134":1,"135":1,"138":1,"143":2,"144":2,"147":1,"154":2,"155":2,"158":1,"165":2,"166":2,"169":1,"176":2,"177":2,"180":1,"187":1,"188":1,"192":1,"193":1}},"/home/travis/build/npmtest/node-npmtest-gulp-css-spriter/lib.npmtest_gulp_css_spriter.js":{"path":"/home/travis/build/npmtest/node-npmtest-gulp-css-spriter/lib.npmtest_gulp_css_spriter.js","s":{"1":2,"2":2,"3":2,"4":2,"5":2,"6":2,"7":2,"8":1,"9":2,"10":2,"11":2,"12":2,"13":1,"14":1,"15":1,"16":1},"b":{"1":[2,1,1,1],"2":[1,1,1,1],"3":[1,1],"4":[2,2],"5":[1,1]},"f":{"1":2,"2":2,"3":2},"fnMap":{"1":{"name":"(anonymous_1)","line":12,"loc":{"start":{"line":12,"column":1},"end":{"line":12,"column":13}}},"2":{"name":"(anonymous_2)","line":19,"loc":{"start":{"line":19,"column":5},"end":{"line":19,"column":17}}},"3":{"name":"(anonymous_3)","line":23,"loc":{"start":{"line":23,"column":24},"end":{"line":23,"column":36}}}},"statementMap":{"1":{"start":{"line":12,"column":0},"end":{"line":53,"column":5}},"2":{"start":{"line":14,"column":4},"end":{"line":14,"column":14}},"3":{"start":{"line":19,"column":4},"end":{"line":52,"column":9}},"4":{"start":{"line":21,"column":8},"end":{"line":21,"column":19}},"5":{"start":{"line":23,"column":8},"end":{"line":35,"column":13}},"6":{"start":{"line":24,"column":12},"end":{"line":34,"column":13}},"7":{"start":{"line":25,"column":16},"end":{"line":28,"column":30}},"8":{"start":{"line":30,"column":16},"end":{"line":33,"column":27}},"9":{"start":{"line":37,"column":8},"end":{"line":39,"column":21}},"10":{"start":{"line":41,"column":8},"end":{"line":41,"column":54}},"11":{"start":{"line":43,"column":8},"end":{"line":43,"column":61}},"12":{"start":{"line":45,"column":8},"end":{"line":51,"column":9}},"13":{"start":{"line":46,"column":12},"end":{"line":46,"column":67}},"14":{"start":{"line":48,"column":12},"end":{"line":48,"column":35}},"15":{"start":{"line":49,"column":12},"end":{"line":49,"column":49}},"16":{"start":{"line":50,"column":12},"end":{"line":50,"column":43}}},"branchMap":{"1":{"line":25,"type":"binary-expr","locations":[{"start":{"line":25,"column":23},"end":{"line":25,"column":62}},{"start":{"line":26,"column":20},"end":{"line":26,"column":70}},{"start":{"line":27,"column":20},"end":{"line":27,"column":71}},{"start":{"line":28,"column":20},"end":{"line":28,"column":29}}]},"2":{"line":30,"type":"binary-expr","locations":[{"start":{"line":30,"column":23},"end":{"line":30,"column":37}},{"start":{"line":31,"column":20},"end":{"line":31,"column":61}},{"start":{"line":32,"column":20},"end":{"line":32,"column":70}},{"start":{"line":33,"column":20},"end":{"line":33,"column":26}}]},"3":{"line":37,"type":"cond-expr","locations":[{"start":{"line":38,"column":14},"end":{"line":38,"column":20}},{"start":{"line":39,"column":14},"end":{"line":39,"column":20}}]},"4":{"line":41,"type":"binary-expr","locations":[{"start":{"line":41,"column":16},"end":{"line":41,"column":44}},{"start":{"line":41,"column":48},"end":{"line":41,"column":53}}]},"5":{"line":45,"type":"if","locations":[{"start":{"line":45,"column":8},"end":{"line":45,"column":8}},{"start":{"line":45,"column":8},"end":{"line":45,"column":8}}]}},"code":["/* istanbul instrument in package npmtest_gulp_css_spriter */","/*jslint","    bitwise: true,","    browser: true,","    maxerr: 8,","    maxlen: 96,","    node: true,","    nomen: true,","    regexp: true,","    stupid: true","*/","(function () {","    'use strict';","    var local;","","","","    // run shared js-env code - pre-init","    (function () {","        // init local","        local = {};","        // init modeJs","        local.modeJs = (function () {","            try {","                return typeof navigator.userAgent === 'string' &&","                    typeof document.querySelector('body') === 'object' &&","                    typeof XMLHttpRequest.prototype.open === 'function' &&","                    'browser';","            } catch (errorCaughtBrowser) {","                return module.exports &&","                    typeof process.versions.node === 'string' &&","                    typeof require('http').createServer === 'function' &&","                    'node';","            }","        }());","        // init global","        local.global = local.modeJs === 'browser'","            ? window","            : global;","        // init utility2_rollup","        local = local.global.utility2_rollup || local;","        // init lib","        local.local = local.npmtest_gulp_css_spriter = local;","        // init exports","        if (local.modeJs === 'browser') {","            local.global.utility2_npmtest_gulp_css_spriter = local;","        } else {","            module.exports = local;","            module.exports.__dirname = __dirname;","            module.exports.module = module;","        }","    }());","}());",""],"l":{"12":2,"14":2,"19":2,"21":2,"23":2,"24":2,"25":2,"30":1,"37":2,"41":2,"43":2,"45":2,"46":1,"48":1,"49":1,"50":1}},"/home/travis/build/npmtest/node-npmtest-gulp-css-spriter/example.js":{"path":"/home/travis/build/npmtest/node-npmtest-gulp-css-spriter/example.js","s":{"1":2,"2":2,"3":2,"4":2,"5":2,"6":2,"7":2,"8":1,"9":2,"10":2,"11":2,"12":2,"13":1,"14":2,"15":2,"16":2,"17":2,"18":2,"19":0,"20":2,"21":1,"22":1,"23":1,"24":1,"25":1,"26":0,"27":0,"28":1,"29":1,"30":2,"31":0,"32":0,"33":0,"34":1,"35":2,"36":2,"37":3,"38":3,"39":3,"40":3,"41":0,"42":3,"43":3,"44":3,"45":1,"46":3,"47":1,"48":1,"49":1,"50":1,"51":1,"52":1,"53":1,"54":1,"55":1,"56":1,"57":0,"58":1,"59":6,"60":6,"61":1,"62":2,"63":0,"64":2,"65":1,"66":1,"67":0,"68":0,"69":0,"70":0,"71":0,"72":0,"73":0,"74":0,"75":0,"76":0,"77":0,"78":0,"79":0,"80":0,"81":0,"82":0,"83":0},"b":{"1":[2,1,1,1],"2":[1,1,1,1],"3":[1,1],"4":[2,2],"5":[1,1],"6":[1,1],"7":[2,0],"8":[2,1,1,1,1,1],"9":[0,2,0],"10":[1,1],"11":[2,1,1],"12":[1,0],"13":[0,2],"14":[2,0,0,0,0,0,0],"15":[0,3],"16":[3,0],"17":[1,1],"18":[0,1],"19":[1,2,0,2],"20":[1,0],"21":[1,1],"22":[0,0],"23":[0,0],"24":[0,0],"25":[0,0],"26":[0,0],"27":[0,0],"28":[0,0]},"f":{"1":2,"2":2,"3":2,"4":2,"5":2,"6":2,"7":3,"8":3,"9":3,"10":1,"11":6,"12":0},"fnMap":{"1":{"name":"(anonymous_1)","line":26,"loc":{"start":{"line":26,"column":1},"end":{"line":26,"column":13}}},"2":{"name":"(anonymous_2)","line":33,"loc":{"start":{"line":33,"column":5},"end":{"line":33,"column":17}}},"3":{"name":"(anonymous_3)","line":37,"loc":{"start":{"line":37,"column":24},"end":{"line":37,"column":36}}},"4":{"name":"(anonymous_4)","line":69,"loc":{"start":{"line":69,"column":31},"end":{"line":69,"column":48}},"skip":true},"5":{"name":"(anonymous_5)","line":78,"loc":{"start":{"line":78,"column":26},"end":{"line":78,"column":45}},"skip":true},"6":{"name":"(anonymous_6)","line":123,"loc":{"start":{"line":123,"column":33},"end":{"line":123,"column":48}},"skip":true},"7":{"name":"(anonymous_7)","line":125,"loc":{"start":{"line":125,"column":27},"end":{"line":125,"column":39}},"skip":true},"8":{"name":"(anonymous_8)","line":133,"loc":{"start":{"line":133,"column":59},"end":{"line":133,"column":74}},"skip":true},"9":{"name":"(anonymous_9)","line":143,"loc":{"start":{"line":143,"column":45},"end":{"line":143,"column":62}},"skip":true},"10":{"name":"(anonymous_10)","line":144,"loc":{"start":{"line":144,"column":73},"end":{"line":144,"column":92}},"skip":true},"11":{"name":"(anonymous_11)","line":272,"loc":{"start":{"line":272,"column":51},"end":{"line":272,"column":77}},"skip":true},"12":{"name":"(anonymous_12)","line":315,"loc":{"start":{"line":315,"column":32},"end":{"line":315,"column":61}},"skip":true}},"statementMap":{"1":{"start":{"line":26,"column":0},"end":{"line":326,"column":5}},"2":{"start":{"line":28,"column":4},"end":{"line":28,"column":14}},"3":{"start":{"line":33,"column":4},"end":{"line":60,"column":9}},"4":{"start":{"line":35,"column":8},"end":{"line":35,"column":19}},"5":{"start":{"line":37,"column":8},"end":{"line":49,"column":13}},"6":{"start":{"line":38,"column":12},"end":{"line":48,"column":13}},"7":{"start":{"line":39,"column":16},"end":{"line":42,"column":30}},"8":{"start":{"line":44,"column":16},"end":{"line":47,"column":27}},"9":{"start":{"line":51,"column":8},"end":{"line":53,"column":21}},"10":{"start":{"line":55,"column":8},"end":{"line":57,"column":45}},"11":{"start":{"line":59,"column":8},"end":{"line":59,"column":35}},"12":{"start":{"line":61,"column":4},"end":{"line":325,"column":5}},"13":{"start":{"line":69,"column":8},"end":{"line":121,"column":10},"skip":true},"14":{"start":{"line":70,"column":12},"end":{"line":88,"column":13},"skip":true},"15":{"start":{"line":76,"column":16},"end":{"line":87,"column":19},"skip":true},"16":{"start":{"line":79,"column":20},"end":{"line":86,"column":21},"skip":true},"17":{"start":{"line":82,"column":24},"end":{"line":82,"column":43},"skip":true},"18":{"start":{"line":83,"column":24},"end":{"line":83,"column":30},"skip":true},"19":{"start":{"line":85,"column":24},"end":{"line":85,"column":49},"skip":true},"20":{"start":{"line":89,"column":12},"end":{"line":107,"column":13},"skip":true},"21":{"start":{"line":92,"column":16},"end":{"line":102,"column":17},"skip":true},"22":{"start":{"line":93,"column":20},"end":{"line":93,"column":86},"skip":true},"23":{"start":{"line":94,"column":20},"end":{"line":95,"column":45},"skip":true},"24":{"start":{"line":96,"column":20},"end":{"line":96,"column":42},"skip":true},"25":{"start":{"line":97,"column":20},"end":{"line":97,"column":48},"skip":true},"26":{"start":{"line":100,"column":20},"end":{"line":100,"column":85},"skip":true},"27":{"start":{"line":101,"column":20},"end":{"line":101,"column":96},"skip":true},"28":{"start":{"line":103,"column":16},"end":{"line":103,"column":22},"skip":true},"29":{"start":{"line":106,"column":16},"end":{"line":106,"column":22},"skip":true},"30":{"start":{"line":108,"column":12},"end":{"line":120,"column":13},"skip":true},"31":{"start":{"line":114,"column":16},"end":{"line":119,"column":17},"skip":true},"32":{"start":{"line":116,"column":20},"end":{"line":116,"column":78},"skip":true},"33":{"start":{"line":118,"column":20},"end":{"line":118,"column":47},"skip":true},"34":{"start":{"line":123,"column":8},"end":{"line":141,"column":11},"skip":true},"35":{"start":{"line":124,"column":12},"end":{"line":124,"column":54},"skip":true},"36":{"start":{"line":125,"column":12},"end":{"line":140,"column":14},"skip":true},"37":{"start":{"line":126,"column":16},"end":{"line":126,"column":28},"skip":true},"38":{"start":{"line":127,"column":16},"end":{"line":127,"column":69},"skip":true},"39":{"start":{"line":128,"column":16},"end":{"line":128,"column":75},"skip":true},"40":{"start":{"line":129,"column":16},"end":{"line":131,"column":17},"skip":true},"41":{"start":{"line":130,"column":20},"end":{"line":130,"column":27},"skip":true},"42":{"start":{"line":133,"column":16},"end":{"line":137,"column":36},"skip":true},"43":{"start":{"line":134,"column":20},"end":{"line":136,"column":55},"skip":true},"44":{"start":{"line":139,"column":16},"end":{"line":139,"column":57},"skip":true},"45":{"start":{"line":143,"column":8},"end":{"line":147,"column":11},"skip":true},"46":{"start":{"line":144,"column":12},"end":{"line":146,"column":15},"skip":true},"47":{"start":{"line":145,"column":16},"end":{"line":145,"column":70},"skip":true},"48":{"start":{"line":149,"column":8},"end":{"line":149,"column":31},"skip":true},"49":{"start":{"line":150,"column":8},"end":{"line":150,"column":14},"skip":true},"50":{"start":{"line":158,"column":8},"end":{"line":158,"column":31},"skip":true},"51":{"start":{"line":160,"column":8},"end":{"line":160,"column":33},"skip":true},"52":{"start":{"line":161,"column":8},"end":{"line":161,"column":37},"skip":true},"53":{"start":{"line":162,"column":8},"end":{"line":162,"column":35},"skip":true},"54":{"start":{"line":164,"column":8},"end":{"line":164,"column":50},"skip":true},"55":{"start":{"line":166,"column":8},"end":{"line":256,"column":2},"skip":true},"56":{"start":{"line":258,"column":8},"end":{"line":286,"column":9},"skip":true},"57":{"start":{"line":259,"column":12},"end":{"line":269,"column":14},"skip":true},"58":{"start":{"line":271,"column":12},"end":{"line":285,"column":19},"skip":true},"59":{"start":{"line":274,"column":20},"end":{"line":274,"column":35},"skip":true},"60":{"start":{"line":275,"column":20},"end":{"line":284,"column":21},"skip":true},"61":{"start":{"line":277,"column":24},"end":{"line":277,"column":64},"skip":true},"62":{"start":{"line":279,"column":24},"end":{"line":279,"column":40},"skip":true},"63":{"start":{"line":281,"column":24},"end":{"line":281,"column":40},"skip":true},"64":{"start":{"line":283,"column":24},"end":{"line":283,"column":39},"skip":true},"65":{"start":{"line":288,"column":8},"end":{"line":290,"column":9},"skip":true},"66":{"start":{"line":289,"column":12},"end":{"line":289,"column":18},"skip":true},"67":{"start":{"line":291,"column":8},"end":{"line":293,"column":54},"skip":true},"68":{"start":{"line":296,"column":8},"end":{"line":301,"column":37},"skip":true},"69":{"start":{"line":303,"column":8},"end":{"line":303,"column":82},"skip":true},"70":{"start":{"line":306,"column":8},"end":{"line":308,"column":9},"skip":true},"71":{"start":{"line":307,"column":12},"end":{"line":307,"column":82},"skip":true},"72":{"start":{"line":310,"column":8},"end":{"line":312,"column":9},"skip":true},"73":{"start":{"line":311,"column":12},"end":{"line":311,"column":18},"skip":true},"74":{"start":{"line":313,"column":8},"end":{"line":313,"column":54},"skip":true},"75":{"start":{"line":314,"column":8},"end":{"line":314,"column":69},"skip":true},"76":{"start":{"line":315,"column":8},"end":{"line":323,"column":36},"skip":true},"77":{"start":{"line":316,"column":12},"end":{"line":316,"column":61},"skip":true},"78":{"start":{"line":317,"column":12},"end":{"line":320,"column":13},"skip":true},"79":{"start":{"line":318,"column":16},"end":{"line":318,"column":75},"skip":true},"80":{"start":{"line":319,"column":16},"end":{"line":319,"column":23},"skip":true},"81":{"start":{"line":321,"column":12},"end":{"line":321,"column":38},"skip":true},"82":{"start":{"line":322,"column":12},"end":{"line":322,"column":27},"skip":true},"83":{"start":{"line":324,"column":8},"end":{"line":324,"column":14},"skip":true}},"branchMap":{"1":{"line":39,"type":"binary-expr","locations":[{"start":{"line":39,"column":23},"end":{"line":39,"column":62}},{"start":{"line":40,"column":20},"end":{"line":40,"column":70}},{"start":{"line":41,"column":20},"end":{"line":41,"column":71}},{"start":{"line":42,"column":20},"end":{"line":42,"column":29}}]},"2":{"line":44,"type":"binary-expr","locations":[{"start":{"line":44,"column":23},"end":{"line":44,"column":37}},{"start":{"line":45,"column":20},"end":{"line":45,"column":61}},{"start":{"line":46,"column":20},"end":{"line":46,"column":70}},{"start":{"line":47,"column":20},"end":{"line":47,"column":26}}]},"3":{"line":51,"type":"cond-expr","locations":[{"start":{"line":52,"column":14},"end":{"line":52,"column":20}},{"start":{"line":53,"column":14},"end":{"line":53,"column":20}}]},"4":{"line":55,"type":"binary-expr","locations":[{"start":{"line":55,"column":16},"end":{"line":55,"column":44}},{"start":{"line":55,"column":49},"end":{"line":57,"column":43}}]},"5":{"line":55,"type":"cond-expr","locations":[{"start":{"line":56,"column":14},"end":{"line":56,"column":60}},{"start":{"line":57,"column":14},"end":{"line":57,"column":43}}]},"6":{"line":61,"type":"switch","locations":[{"start":{"line":68,"column":4},"end":{"line":150,"column":14},"skip":true},{"start":{"line":156,"column":4},"end":{"line":324,"column":14},"skip":true}]},"7":{"line":70,"type":"if","locations":[{"start":{"line":70,"column":12},"end":{"line":70,"column":12},"skip":true},{"start":{"line":70,"column":12},"end":{"line":70,"column":12},"skip":true}]},"8":{"line":70,"type":"binary-expr","locations":[{"start":{"line":70,"column":16},"end":{"line":70,"column":22},"skip":true},{"start":{"line":70,"column":27},"end":{"line":70,"column":32},"skip":true},{"start":{"line":71,"column":20},"end":{"line":71,"column":39},"skip":true},{"start":{"line":72,"column":20},"end":{"line":72,"column":49},"skip":true},{"start":{"line":73,"column":20},"end":{"line":73,"column":58},"skip":true},{"start":{"line":74,"column":20},"end":{"line":74,"column":69},"skip":true}]},"9":{"line":79,"type":"switch","locations":[{"start":{"line":80,"column":20},"end":{"line":80,"column":33},"skip":true},{"start":{"line":81,"column":20},"end":{"line":83,"column":30},"skip":true},{"start":{"line":84,"column":20},"end":{"line":85,"column":49},"skip":true}]},"10":{"line":89,"type":"switch","locations":[{"start":{"line":90,"column":12},"end":{"line":103,"column":22},"skip":true},{"start":{"line":105,"column":12},"end":{"line":106,"column":22},"skip":true}]},"11":{"line":89,"type":"binary-expr","locations":[{"start":{"line":89,"column":20},"end":{"line":89,"column":25},"skip":true},{"start":{"line":89,"column":29},"end":{"line":89,"column":48},"skip":true},{"start":{"line":89,"column":52},"end":{"line":89,"column":74},"skip":true}]},"12":{"line":92,"type":"if","locations":[{"start":{"line":92,"column":16},"end":{"line":92,"column":16},"skip":true},{"start":{"line":92,"column":16},"end":{"line":92,"column":16},"skip":true}]},"13":{"line":108,"type":"if","locations":[{"start":{"line":108,"column":12},"end":{"line":108,"column":12},"skip":true},{"start":{"line":108,"column":12},"end":{"line":108,"column":12},"skip":true}]},"14":{"line":108,"type":"binary-expr","locations":[{"start":{"line":108,"column":16},"end":{"line":108,"column":61},"skip":true},{"start":{"line":108,"column":66},"end":{"line":108,"column":72},"skip":true},{"start":{"line":108,"column":77},"end":{"line":108,"column":82},"skip":true},{"start":{"line":109,"column":20},"end":{"line":109,"column":39},"skip":true},{"start":{"line":110,"column":20},"end":{"line":110,"column":49},"skip":true},{"start":{"line":111,"column":20},"end":{"line":111,"column":58},"skip":true},{"start":{"line":112,"column":20},"end":{"line":112,"column":68},"skip":true}]},"15":{"line":129,"type":"if","locations":[{"start":{"line":129,"column":16},"end":{"line":129,"column":16},"skip":true},{"start":{"line":129,"column":16},"end":{"line":129,"column":16},"skip":true}]},"16":{"line":134,"type":"cond-expr","locations":[{"start":{"line":135,"column":26},"end":{"line":135,"column":29},"skip":true},{"start":{"line":136,"column":26},"end":{"line":136,"column":54},"skip":true}]},"17":{"line":164,"type":"binary-expr","locations":[{"start":{"line":164,"column":27},"end":{"line":164,"column":43},"skip":true},{"start":{"line":164,"column":47},"end":{"line":164,"column":49},"skip":true}]},"18":{"line":258,"type":"if","locations":[{"start":{"line":258,"column":8},"end":{"line":258,"column":8},"skip":true},{"start":{"line":258,"column":8},"end":{"line":258,"column":8},"skip":true}]},"19":{"line":275,"type":"switch","locations":[{"start":{"line":276,"column":20},"end":{"line":277,"column":64},"skip":true},{"start":{"line":278,"column":20},"end":{"line":279,"column":40},"skip":true},{"start":{"line":280,"column":20},"end":{"line":281,"column":40},"skip":true},{"start":{"line":282,"column":20},"end":{"line":283,"column":39},"skip":true}]},"20":{"line":288,"type":"if","locations":[{"start":{"line":288,"column":8},"end":{"line":288,"column":8},"skip":true},{"start":{"line":288,"column":8},"end":{"line":288,"column":8},"skip":true}]},"21":{"line":288,"type":"binary-expr","locations":[{"start":{"line":288,"column":12},"end":{"line":288,"column":40},"skip":true},{"start":{"line":288,"column":44},"end":{"line":288,"column":67},"skip":true}]},"22":{"line":292,"type":"binary-expr","locations":[{"start":{"line":292,"column":12},"end":{"line":292,"column":50},"skip":true},{"start":{"line":293,"column":12},"end":{"line":293,"column":53},"skip":true}]},"23":{"line":297,"type":"binary-expr","locations":[{"start":{"line":297,"column":12},"end":{"line":297,"column":74},"skip":true},{"start":{"line":298,"column":12},"end":{"line":301,"column":36},"skip":true}]},"24":{"line":303,"type":"binary-expr","locations":[{"start":{"line":303,"column":43},"end":{"line":303,"column":75},"skip":true},{"start":{"line":303,"column":79},"end":{"line":303,"column":81},"skip":true}]},"25":{"line":306,"type":"if","locations":[{"start":{"line":306,"column":8},"end":{"line":306,"column":8},"skip":true},{"start":{"line":306,"column":8},"end":{"line":306,"column":8},"skip":true}]},"26":{"line":310,"type":"if","locations":[{"start":{"line":310,"column":8},"end":{"line":310,"column":8},"skip":true},{"start":{"line":310,"column":8},"end":{"line":310,"column":8},"skip":true}]},"27":{"line":313,"type":"binary-expr","locations":[{"start":{"line":313,"column":27},"end":{"line":313,"column":43},"skip":true},{"start":{"line":313,"column":47},"end":{"line":313,"column":53},"skip":true}]},"28":{"line":317,"type":"if","locations":[{"start":{"line":317,"column":12},"end":{"line":317,"column":12},"skip":true},{"start":{"line":317,"column":12},"end":{"line":317,"column":12},"skip":true}]}},"code":["/*","example.js","","quickstart example","","instruction","    1. save this script as example.js","    2. run the shell command:","        $ npm install npmtest-gulp-css-spriter && PORT=8081 node example.js","    3. play with the browser-demo on http://127.0.0.1:8081","*/","","","","/* istanbul instrument in package npmtest_gulp_css_spriter */","/*jslint","    bitwise: true,","    browser: true,","    maxerr: 8,","    maxlen: 96,","    node: true,","    nomen: true,","    regexp: true,","    stupid: true","*/","(function () {","    'use strict';","    var local;","","","","    // run shared js-env code - pre-init","    (function () {","        // init local","        local = {};","        // init modeJs","        local.modeJs = (function () {","            try {","                return typeof navigator.userAgent === 'string' &&","                    typeof document.querySelector('body') === 'object' &&","                    typeof XMLHttpRequest.prototype.open === 'function' &&","                    'browser';","            } catch (errorCaughtBrowser) {","                return module.exports &&","                    typeof process.versions.node === 'string' &&","                    typeof require('http').createServer === 'function' &&","                    'node';","            }","        }());","        // init global","        local.global = local.modeJs === 'browser'","            ? window","            : global;","        // init utility2_rollup","        local = local.global.utility2_rollup || (local.modeJs === 'browser'","            ? local.global.utility2_npmtest_gulp_css_spriter","            : global.utility2_moduleExports);","        // export local","        local.global.local = local;","    }());","    switch (local.modeJs) {","","","","    // post-init","    // run browser js-env code - post-init","    /* istanbul ignore next */","    case 'browser':","        local.testRunBrowser = function (event) {","            if (!event || (event &&","                    event.currentTarget &&","                    event.currentTarget.className &&","                    event.currentTarget.className.includes &&","                    event.currentTarget.className.includes('onreset'))) {","                // reset output","                Array.from(","                    document.querySelectorAll('body > .resettable')","                ).forEach(function (element) {","                    switch (element.tagName) {","                    case 'INPUT':","                    case 'TEXTAREA':","                        element.value = '';","                        break;","                    default:","                        element.textContent = '';","                    }","                });","            }","            switch (event && event.currentTarget && event.currentTarget.id) {","            case 'testRunButton1':","                // show tests","                if (document.querySelector('#testReportDiv1').style.display === 'none') {","                    document.querySelector('#testReportDiv1').style.display = 'block';","                    document.querySelector('#testRunButton1').textContent =","                        'hide internal test';","                    local.modeTest = true;","                    local.testRunDefault(local);","                // hide tests","                } else {","                    document.querySelector('#testReportDiv1').style.display = 'none';","                    document.querySelector('#testRunButton1').textContent = 'run internal test';","                }","                break;","            // custom-case","            default:","                break;","            }","            if (document.querySelector('#inputTextareaEval1') && (!event || (event &&","                    event.currentTarget &&","                    event.currentTarget.className &&","                    event.currentTarget.className.includes &&","                    event.currentTarget.className.includes('oneval')))) {","                // try to eval input-code","                try {","                    /*jslint evil: true*/","                    eval(document.querySelector('#inputTextareaEval1').value);","                } catch (errorCaught) {","                    console.error(errorCaught);","                }","            }","        };","        // log stderr and stdout to #outputTextareaStdout1","        ['error', 'log'].forEach(function (key) {","            console[key + '_original'] = console[key];","            console[key] = function () {","                var element;","                console[key + '_original'].apply(console, arguments);","                element = document.querySelector('#outputTextareaStdout1');","                if (!element) {","                    return;","                }","                // append text to #outputTextareaStdout1","                element.value += Array.from(arguments).map(function (arg) {","                    return typeof arg === 'string'","                        ? arg","                        : JSON.stringify(arg, null, 4);","                }).join(' ') + '\\n';","                // scroll textarea to bottom","                element.scrollTop = element.scrollHeight;","            };","        });","        // init event-handling","        ['change', 'click', 'keyup'].forEach(function (event) {","            Array.from(document.querySelectorAll('.on' + event)).forEach(function (element) {","                element.addEventListener(event, local.testRunBrowser);","            });","        });","        // run tests","        local.testRunBrowser();","        break;","","","","    // run node js-env code - post-init","    /* istanbul ignore next */","    case 'node':","        // export local","        module.exports = local;","        // require modules","        local.fs = require('fs');","        local.http = require('http');","        local.url = require('url');","        // init assets","        local.assetsDict = local.assetsDict || {};","        /* jslint-ignore-begin */","        local.assetsDict['/assets.index.template.html'] = '\\","<!doctype html>\\n\\","<html lang=\"en\">\\n\\","<head>\\n\\","<meta charset=\"UTF-8\">\\n\\","<meta name=\"viewport\" content=\"width=device-width, initial-scale=1\">\\n\\","<title>{{env.npm_package_name}} (v{{env.npm_package_version}})</title>\\n\\","<style>\\n\\","/*csslint\\n\\","    box-sizing: false,\\n\\","    universal-selector: false\\n\\","*/\\n\\","* {\\n\\","    box-sizing: border-box;\\n\\","}\\n\\","body {\\n\\","    background: #dde;\\n\\","    font-family: Arial, Helvetica, sans-serif;\\n\\","    margin: 2rem;\\n\\","}\\n\\","body > * {\\n\\","    margin-bottom: 1rem;\\n\\","}\\n\\",".utility2FooterDiv {\\n\\","    margin-top: 20px;\\n\\","    text-align: center;\\n\\","}\\n\\","</style>\\n\\","<style>\\n\\","/*csslint\\n\\","*/\\n\\","textarea {\\n\\","    font-family: monospace;\\n\\","    height: 10rem;\\n\\","    width: 100%;\\n\\","}\\n\\","textarea[readonly] {\\n\\","    background: #ddd;\\n\\","}\\n\\","</style>\\n\\","</head>\\n\\","<body>\\n\\","<!-- utility2-comment\\n\\","<div id=\"ajaxProgressDiv1\" style=\"background: #d00; height: 2px; left: 0; margin: 0; padding: 0; position: fixed; top: 0; transition: background 0.5s, width 1.5s; width: 25%;\"></div>\\n\\","utility2-comment -->\\n\\","<h1>\\n\\","<!-- utility2-comment\\n\\","    <a\\n\\","        {{#if env.npm_package_homepage}}\\n\\","        href=\"{{env.npm_package_homepage}}\"\\n\\","        {{/if env.npm_package_homepage}}\\n\\","        target=\"_blank\"\\n\\","    >\\n\\","utility2-comment -->\\n\\","        {{env.npm_package_name}} (v{{env.npm_package_version}})\\n\\","<!-- utility2-comment\\n\\","    </a>\\n\\","utility2-comment -->\\n\\","</h1>\\n\\","<h3>{{env.npm_package_description}}</h3>\\n\\","<!-- utility2-comment\\n\\","<h4><a download href=\"assets.app.js\">download standalone app</a></h4>\\n\\","<button class=\"onclick onreset\" id=\"testRunButton1\">run internal test</button><br>\\n\\","<div id=\"testReportDiv1\" style=\"display: none;\"></div>\\n\\","utility2-comment -->\\n\\","\\n\\","\\n\\","\\n\\","<label>stderr and stdout</label>\\n\\","<textarea class=\"resettable\" id=\"outputTextareaStdout1\" readonly></textarea>\\n\\","<!-- utility2-comment\\n\\","{{#if isRollup}}\\n\\","<script src=\"assets.app.js\"></script>\\n\\","{{#unless isRollup}}\\n\\","utility2-comment -->\\n\\","<script src=\"assets.utility2.rollup.js\"></script>\\n\\","<script src=\"jsonp.utility2._stateInit?callback=window.utility2._stateInit\"></script>\\n\\","<script src=\"assets.npmtest_gulp_css_spriter.rollup.js\"></script>\\n\\","<script src=\"assets.example.js\"></script>\\n\\","<script src=\"assets.test.js\"></script>\\n\\","<!-- utility2-comment\\n\\","{{/if isRollup}}\\n\\","utility2-comment -->\\n\\","<div class=\"utility2FooterDiv\">\\n\\","    [ this app was created with\\n\\","    <a href=\"https://github.com/kaizhu256/node-utility2\" target=\"_blank\">utility2</a>\\n\\","    ]\\n\\","</div>\\n\\","</body>\\n\\","</html>\\n\\","';","        /* jslint-ignore-end */","        if (local.templateRender) {","            local.assetsDict['/'] = local.templateRender(","                local.assetsDict['/assets.index.template.html'],","                {","                    env: local.objectSetDefault(local.env, {","                        npm_package_description: 'the greatest app in the world!',","                        npm_package_name: 'my-app',","                        npm_package_nameAlias: 'my_app',","                        npm_package_version: '0.0.1'","                    })","                }","            );","        } else {","            local.assetsDict['/'] = local.assetsDict['/assets.index.template.html']","                .replace((/\\{\\{env\\.(\\w+?)\\}\\}/g), function (match0, match1) {","                    // jslint-hack","                    String(match0);","                    switch (match1) {","                    case 'npm_package_description':","                        return 'the greatest app in the world!';","                    case 'npm_package_name':","                        return 'my-app';","                    case 'npm_package_nameAlias':","                        return 'my_app';","                    case 'npm_package_version':","                        return '0.0.1';","                    }","                });","        }","        // run the cli","        if (local.global.utility2_rollup || module !== require.main) {","            break;","        }","        local.assetsDict['/assets.example.js'] =","            local.assetsDict['/assets.example.js'] ||","            local.fs.readFileSync(__filename, 'utf8');","        // bug-workaround - long $npm_package_buildCustomOrg","        /* jslint-ignore-begin */","        local.assetsDict['/assets.npmtest_gulp_css_spriter.rollup.js'] =","            local.assetsDict['/assets.npmtest_gulp_css_spriter.rollup.js'] ||","            local.fs.readFileSync(","                local.npmtest_gulp_css_spriter.__dirname + '/lib.npmtest_gulp_css_spriter.js',","                'utf8'","            ).replace((/^#!/), '//');","        /* jslint-ignore-end */","        local.assetsDict['/favicon.ico'] = local.assetsDict['/favicon.ico'] || '';","        // if $npm_config_timeout_exit exists,","        // then exit this process after $npm_config_timeout_exit ms","        if (Number(process.env.npm_config_timeout_exit)) {","            setTimeout(process.exit, Number(process.env.npm_config_timeout_exit));","        }","        // start server","        if (local.global.utility2_serverHttp1) {","            break;","        }","        process.env.PORT = process.env.PORT || '8081';","        console.error('server starting on port ' + process.env.PORT);","        local.http.createServer(function (request, response) {","            request.urlParsed = local.url.parse(request.url);","            if (local.assetsDict[request.urlParsed.pathname] !== undefined) {","                response.end(local.assetsDict[request.urlParsed.pathname]);","                return;","            }","            response.statusCode = 404;","            response.end();","        }).listen(process.env.PORT);","        break;","    }","}());",""],"l":{"26":2,"28":2,"33":2,"35":2,"37":2,"38":2,"39":2,"44":1,"51":2,"55":2,"59":2,"61":2,"69":1,"70":2,"76":2,"79":2,"82":2,"83":2,"85":1,"89":2,"92":1,"93":1,"94":1,"96":1,"97":1,"100":1,"101":1,"103":1,"106":1,"108":2,"114":1,"116":1,"118":1,"123":1,"124":2,"125":2,"126":3,"127":3,"128":3,"129":3,"130":1,"133":3,"134":3,"139":3,"143":1,"144":3,"145":1,"149":1,"150":1,"158":1,"160":1,"161":1,"162":1,"164":1,"166":1,"258":1,"259":1,"271":1,"274":6,"275":6,"277":1,"279":2,"281":1,"283":2,"288":1,"289":1,"291":1,"296":1,"303":1,"306":1,"307":1,"310":1,"311":1,"313":1,"314":1,"315":1,"316":1,"317":1,"318":1,"319":1,"321":1,"322":1,"324":1}},"/home/travis/build/npmtest/node-npmtest-gulp-css-spriter/node_modules/gulp-css-spriter/index.js":{"path":"/home/travis/build/npmtest/node-npmtest-gulp-css-spriter/node_modules/gulp-css-spriter/index.js","s":{"1":1,"2":1,"3":1,"4":1,"5":1,"6":1,"7":1,"8":1,"9":1,"10":1,"11":1,"12":1,"13":1,"14":1,"15":1,"16":1,"17":0,"18":0,"19":0,"20":0,"21":0,"22":0,"23":0,"24":0,"25":0,"26":0,"27":0,"28":0,"29":0,"30":0,"31":0,"32":0,"33":0,"34":0,"35":0,"36":0,"37":0,"38":0,"39":0,"40":0,"41":0,"42":0,"43":0,"44":0,"45":0,"46":0,"47":0,"48":0,"49":0,"50":0,"51":0,"52":0,"53":0,"54":0,"55":0,"56":0,"57":0,"58":0,"59":0,"60":0,"61":0,"62":0,"63":0,"64":0,"65":0,"66":0,"67":0,"68":0,"69":0,"70":0,"71":0,"72":0,"73":0,"74":0,"75":0,"76":0,"77":0,"78":0,"79":0,"80":0,"81":0,"82":0,"83":0,"84":0,"85":0,"86":0,"87":0,"88":0,"89":0,"90":0,"91":0,"92":0,"93":0,"94":0,"95":0,"96":1},"b":{"1":[0,0],"2":[0,0],"3":[0,0],"4":[0,0],"5":[0,0],"6":[0,0],"7":[0,0],"8":[0,0],"9":[0,0],"10":[0,0],"11":[0,0],"12":[0,0]},"f":{"1":0,"2":0,"3":0,"4":0,"5":0,"6":0,"7":0,"8":0,"9":0,"10":0,"11":0,"12":0,"13":0,"14":0,"15":0,"16":0,"17":0,"18":0,"19":0},"fnMap":{"1":{"name":"(anonymous_1)","line":36,"loc":{"start":{"line":36,"column":14},"end":{"line":36,"column":32}}},"2":{"name":"(anonymous_2)","line":74,"loc":{"start":{"line":74,"column":26},"end":{"line":74,"column":51}}},"3":{"name":"(anonymous_3)","line":117,"loc":{"start":{"line":117,"column":44},"end":{"line":117,"column":66}}},"4":{"name":"(anonymous_4)","line":120,"loc":{"start":{"line":120,"column":57},"end":{"line":120,"column":77}}},"5":{"name":"(anonymous_5)","line":135,"loc":{"start":{"line":135,"column":47},"end":{"line":135,"column":67}}},"6":{"name":"(anonymous_6)","line":138,"loc":{"start":{"line":138,"column":40},"end":{"line":138,"column":51}}},"7":{"name":"(anonymous_7)","line":143,"loc":{"start":{"line":143,"column":8},"end":{"line":143,"column":19}}},"8":{"name":"(anonymous_8)","line":172,"loc":{"start":{"line":172,"column":4},"end":{"line":172,"column":17}}},"9":{"name":"(anonymous_9)","line":178,"loc":{"start":{"line":178,"column":69},"end":{"line":178,"column":87}}},"10":{"name":"(anonymous_10)","line":180,"loc":{"start":{"line":180,"column":41},"end":{"line":180,"column":58}}},"11":{"name":"(anonymous_11)","line":203,"loc":{"start":{"line":203,"column":29},"end":{"line":203,"column":49}}},"12":{"name":"(anonymous_12)","line":210,"loc":{"start":{"line":210,"column":32},"end":{"line":210,"column":49}}},"13":{"name":"(anonymous_13)","line":212,"loc":{"start":{"line":212,"column":48},"end":{"line":212,"column":74}}},"14":{"name":"(anonymous_14)","line":215,"loc":{"start":{"line":215,"column":98},"end":{"line":215,"column":109}}},"15":{"name":"(anonymous_15)","line":220,"loc":{"start":{"line":220,"column":25},"end":{"line":220,"column":41}}},"16":{"name":"(anonymous_16)","line":248,"loc":{"start":{"line":248,"column":15},"end":{"line":248,"column":29}}},"17":{"name":"(anonymous_17)","line":254,"loc":{"start":{"line":254,"column":35},"end":{"line":254,"column":46}}},"18":{"name":"(anonymous_18)","line":269,"loc":{"start":{"line":269,"column":38},"end":{"line":269,"column":49}}},"19":{"name":"(anonymous_19)","line":275,"loc":{"start":{"line":275,"column":6},"end":{"line":275,"column":20}}}},"statementMap":{"1":{"start":{"line":8,"column":0},"end":{"line":8,"column":29}},"2":{"start":{"line":9,"column":0},"end":{"line":9,"column":27}},"3":{"start":{"line":11,"column":0},"end":{"line":11,"column":34}},"4":{"start":{"line":12,"column":0},"end":{"line":12,"column":50}},"5":{"start":{"line":13,"column":0},"end":{"line":13,"column":38}},"6":{"start":{"line":15,"column":0},"end":{"line":15,"column":34}},"7":{"start":{"line":16,"column":0},"end":{"line":16,"column":30}},"8":{"start":{"line":17,"column":0},"end":{"line":17,"column":33}},"9":{"start":{"line":19,"column":0},"end":{"line":19,"column":25}},"10":{"start":{"line":20,"column":0},"end":{"line":20,"column":41}},"11":{"start":{"line":21,"column":0},"end":{"line":21,"column":54}},"12":{"start":{"line":24,"column":0},"end":{"line":24,"column":48}},"13":{"start":{"line":25,"column":0},"end":{"line":25,"column":88}},"14":{"start":{"line":26,"column":0},"end":{"line":26,"column":94}},"15":{"start":{"line":33,"column":0},"end":{"line":33,"column":39}},"16":{"start":{"line":36,"column":0},"end":{"line":293,"column":2}},"17":{"start":{"line":38,"column":1},"end":{"line":63,"column":3}},"18":{"start":{"line":65,"column":1},"end":{"line":65,"column":46}},"19":{"start":{"line":68,"column":1},"end":{"line":68,"column":20}},"20":{"start":{"line":70,"column":1},"end":{"line":70,"column":19}},"21":{"start":{"line":72,"column":1},"end":{"line":72,"column":28}},"22":{"start":{"line":74,"column":1},"end":{"line":289,"column":4}},"23":{"start":{"line":85,"column":2},"end":{"line":166,"column":3}},"24":{"start":{"line":86,"column":3},"end":{"line":86,"column":86}},"25":{"start":{"line":88,"column":7},"end":{"line":166,"column":3}},"26":{"start":{"line":89,"column":3},"end":{"line":89,"column":41}},"27":{"start":{"line":91,"column":3},"end":{"line":91,"column":14}},"28":{"start":{"line":92,"column":3},"end":{"line":106,"column":4}},"29":{"start":{"line":93,"column":4},"end":{"line":96,"column":7}},"30":{"start":{"line":99,"column":4},"end":{"line":99,"column":78}},"31":{"start":{"line":100,"column":4},"end":{"line":100,"column":34}},"32":{"start":{"line":103,"column":4},"end":{"line":105,"column":5}},"33":{"start":{"line":104,"column":5},"end":{"line":104,"column":29}},"34":{"start":{"line":109,"column":3},"end":{"line":109,"column":103}},"35":{"start":{"line":115,"column":3},"end":{"line":115,"column":35}},"36":{"start":{"line":116,"column":3},"end":{"line":116,"column":92}},"37":{"start":{"line":117,"column":3},"end":{"line":132,"column":6}},"38":{"start":{"line":120,"column":4},"end":{"line":131,"column":7}},"39":{"start":{"line":121,"column":5},"end":{"line":121,"column":64}},"40":{"start":{"line":125,"column":5},"end":{"line":127,"column":6}},"41":{"start":{"line":126,"column":6},"end":{"line":126,"column":47}},"42":{"start":{"line":130,"column":5},"end":{"line":130,"column":32}},"43":{"start":{"line":135,"column":3},"end":{"line":159,"column":6}},"44":{"start":{"line":136,"column":4},"end":{"line":136,"column":20}},"45":{"start":{"line":137,"column":4},"end":{"line":156,"column":5}},"46":{"start":{"line":138,"column":5},"end":{"line":148,"column":8}},"47":{"start":{"line":139,"column":6},"end":{"line":142,"column":8}},"48":{"start":{"line":144,"column":6},"end":{"line":147,"column":8}},"49":{"start":{"line":152,"column":5},"end":{"line":155,"column":8}},"50":{"start":{"line":158,"column":4},"end":{"line":158,"column":40}},"51":{"start":{"line":164,"column":3},"end":{"line":164,"column":25}},"52":{"start":{"line":170,"column":2},"end":{"line":170,"column":7}},"53":{"start":{"line":175,"column":2},"end":{"line":175,"column":18}},"54":{"start":{"line":178,"column":2},"end":{"line":199,"column":5}},"55":{"start":{"line":179,"column":3},"end":{"line":179,"column":22}},"56":{"start":{"line":180,"column":3},"end":{"line":196,"column":6}},"57":{"start":{"line":181,"column":4},"end":{"line":181,"column":31}},"58":{"start":{"line":183,"column":4},"end":{"line":195,"column":5}},"59":{"start":{"line":184,"column":5},"end":{"line":184,"column":36}},"60":{"start":{"line":188,"column":5},"end":{"line":188,"column":68}},"61":{"start":{"line":189,"column":5},"end":{"line":189,"column":34}},"62":{"start":{"line":192,"column":5},"end":{"line":194,"column":6}},"63":{"start":{"line":193,"column":6},"end":{"line":193,"column":48}},"64":{"start":{"line":198,"column":3},"end":{"line":198,"column":20}},"65":{"start":{"line":203,"column":2},"end":{"line":283,"column":5}},"66":{"start":{"line":206,"column":3},"end":{"line":206,"column":88}},"67":{"start":{"line":208,"column":3},"end":{"line":208,"column":70}},"68":{"start":{"line":210,"column":3},"end":{"line":280,"column":6}},"69":{"start":{"line":212,"column":4},"end":{"line":267,"column":7}},"70":{"start":{"line":214,"column":5},"end":{"line":266,"column":6}},"71":{"start":{"line":215,"column":6},"end":{"line":251,"column":9}},"72":{"start":{"line":220,"column":7},"end":{"line":245,"column":10}},"73":{"start":{"line":222,"column":8},"end":{"line":222,"column":45}},"74":{"start":{"line":224,"column":8},"end":{"line":237,"column":9}},"75":{"start":{"line":225,"column":9},"end":{"line":225,"column":196}},"76":{"start":{"line":228,"column":9},"end":{"line":228,"column":87}},"77":{"start":{"line":229,"column":9},"end":{"line":229,"column":39}},"78":{"start":{"line":232,"column":9},"end":{"line":234,"column":10}},"79":{"start":{"line":233,"column":10},"end":{"line":233,"column":34}},"80":{"start":{"line":236,"column":9},"end":{"line":236,"column":21}},"81":{"start":{"line":241,"column":8},"end":{"line":241,"column":52}},"82":{"start":{"line":244,"column":8},"end":{"line":244,"column":36}},"83":{"start":{"line":249,"column":7},"end":{"line":249,"column":52}},"84":{"start":{"line":250,"column":7},"end":{"line":250,"column":19}},"85":{"start":{"line":254,"column":6},"end":{"line":262,"column":9}},"86":{"start":{"line":257,"column":7},"end":{"line":259,"column":8}},"87":{"start":{"line":258,"column":8},"end":{"line":258,"column":56}},"88":{"start":{"line":261,"column":7},"end":{"line":261,"column":17}},"89":{"start":{"line":265,"column":6},"end":{"line":265,"column":16}},"90":{"start":{"line":269,"column":4},"end":{"line":272,"column":7}},"91":{"start":{"line":271,"column":5},"end":{"line":271,"column":10}},"92":{"start":{"line":276,"column":4},"end":{"line":279,"column":5}},"93":{"start":{"line":277,"column":5},"end":{"line":277,"column":72}},"94":{"start":{"line":278,"column":5},"end":{"line":278,"column":65}},"95":{"start":{"line":292,"column":1},"end":{"line":292,"column":15}},"96":{"start":{"line":296,"column":0},"end":{"line":296,"column":25}}},"branchMap":{"1":{"line":85,"type":"if","locations":[{"start":{"line":85,"column":2},"end":{"line":85,"column":2}},{"start":{"line":85,"column":2},"end":{"line":85,"column":2}}]},"2":{"line":88,"type":"if","locations":[{"start":{"line":88,"column":7},"end":{"line":88,"column":7}},{"start":{"line":88,"column":7},"end":{"line":88,"column":7}}]},"3":{"line":103,"type":"if","locations":[{"start":{"line":103,"column":4},"end":{"line":103,"column":4}},{"start":{"line":103,"column":4},"end":{"line":103,"column":4}}]},"4":{"line":125,"type":"if","locations":[{"start":{"line":125,"column":5},"end":{"line":125,"column":5}},{"start":{"line":125,"column":5},"end":{"line":125,"column":5}}]},"5":{"line":137,"type":"if","locations":[{"start":{"line":137,"column":4},"end":{"line":137,"column":4}},{"start":{"line":137,"column":4},"end":{"line":137,"column":4}}]},"6":{"line":183,"type":"if","locations":[{"start":{"line":183,"column":4},"end":{"line":183,"column":4}},{"start":{"line":183,"column":4},"end":{"line":183,"column":4}}]},"7":{"line":183,"type":"binary-expr","locations":[{"start":{"line":183,"column":7},"end":{"line":183,"column":35}},{"start":{"line":183,"column":39},"end":{"line":183,"column":72}}]},"8":{"line":192,"type":"if","locations":[{"start":{"line":192,"column":5},"end":{"line":192,"column":5}},{"start":{"line":192,"column":5},"end":{"line":192,"column":5}}]},"9":{"line":214,"type":"if","locations":[{"start":{"line":214,"column":5},"end":{"line":214,"column":5}},{"start":{"line":214,"column":5},"end":{"line":214,"column":5}}]},"10":{"line":232,"type":"if","locations":[{"start":{"line":232,"column":9},"end":{"line":232,"column":9}},{"start":{"line":232,"column":9},"end":{"line":232,"column":9}}]},"11":{"line":257,"type":"if","locations":[{"start":{"line":257,"column":7},"end":{"line":257,"column":7}},{"start":{"line":257,"column":7},"end":{"line":257,"column":7}}]},"12":{"line":276,"type":"if","locations":[{"start":{"line":276,"column":4},"end":{"line":276,"column":4}},{"start":{"line":276,"column":4},"end":{"line":276,"column":4}}]}},"code":["// gulp-css-spriter: https://www.npmjs.com/package/gulp-css-spriter","// Sprite Sheet Generation from CSS source files.","//","// By: Eric Eastwood: EricEastwood.com","//","// Meta info looks like: `/* @meta {\"spritesheet\": {\"include\": false}} */`","","var fs = require('fs-extra');","var path = require('path');","","var Promise = require('bluebird');","var outputFile = Promise.promisify(fs.outputFile);","var stat = Promise.promisify(fs.stat);","","var through = require('through2');","var extend = require('extend')","var gutil = require('gulp-util');","","var css = require('css');","var spritesmith = require('spritesmith');","var spritesmithBuild = Promise.promisify(spritesmith);","","","var spriterUtil = require('./lib/spriter-util');","var getBackgroundImageDeclarations = require('./lib/get-background-image-declarations');","var transformFileWithSpriteSheetData = require('./lib/transform-file-with-sprite-sheet-data');","","","","","","// consts","const PLUGIN_NAME = 'gulp-css-spriter';","","","var spriter = function(options) {","","\tvar defaults = {","\t\t// ('implicit'|'explicit')","\t\t'includeMode': 'implicit',","\t\t// The path and file name of where we will save the sprite sheet","\t\t'spriteSheet': 'spritesheet.png',","\t\t// Because we don't know where you will end up saving the CSS file at this point in the pipe,","\t\t// we need a litle help identifying where it will be.","\t\t'pathToSpriteSheetFromCSS': 'spritesheet.png',","\t\t// Same as the spritesmith callback `function(err, result)`","\t\t// result.image: Binary string representation of image","\t\t// result.coordinates: Object mapping filename to {x, y, width, height} of image","\t\t// result.properties: Object with metadata about spritesheet {width, height}","\t\t'spriteSheetBuildCallback': null,","\t\t// If true, we ignore any images that are not found on disk","\t\t// Note: this plugin will still emit an error if you do not verify that the images exist","\t\t'silent': true,","\t\t// Check to make sure each image declared in the CSS exists before passing it to the spriter.","\t\t// Although silenced by default(`options.silent`), if an image is not found, an error is thrown.","\t\t'shouldVerifyImagesExist': true,","\t\t// Any option you pass in here, will be passed through to spritesmith","\t\t// https://www.npmjs.com/package/spritesmith#-spritesmith-params-callback-","\t\t'spritesmithOptions': {},","\t\t// Used to format output CSS","\t\t// You should be using a separate beautifier plugin","\t\t'outputIndent': '\\t'","\t};","","\tvar settings = extend({}, defaults, options);","","\t// Keep track of all the chunks that come in so that we can re-emit in the flush","\tvar chunkList = [];","\t// We use an object for imageMap so we don't get any duplicates","\tvar imageMap = {};","\t// Check to make sure all of the images exist(`options.shouldVerifyImagesExist`) before trying to sprite them","\tvar imagePromiseArray = [];","","\tvar stream = through.obj(function(chunk, enc, cb) {","\t\t// http://nodejs.org/docs/latest/api/stream.html#stream_transform_transform_chunk_encoding_callback","\t\t//console.log('transform');","","\t\t// Each `chunk` is a vinyl file: https://www.npmjs.com/package/vinyl","\t\t// chunk.cwd","\t\t// chunk.base","\t\t// chunk.path","\t\t// chunk.contents","","","\t\tif (chunk.isStream()) {","\t\t\tself.emit('error', new gutil.PluginError(PLUGIN_NAME, 'Cannot operate on stream'));","\t\t}","\t\telse if (chunk.isBuffer()) {","\t\t\tvar contents = String(chunk.contents);","","\t\t\tvar styles;","\t\t\ttry {","\t\t\t\tstyles = css.parse(contents, {","\t\t\t\t\t'silent': settings.silent,","\t\t\t\t\t'source': chunk.path","\t\t\t\t});","\t\t\t}","\t\t\tcatch(err) {","\t\t\t\terr.message = 'Something went wrong when parsing the CSS: ' + err.message;","\t\t\t\tself.emit('log', err.message);","","\t\t\t\t// Emit an error if necessary","\t\t\t\tif(!settings.silent) {","\t\t\t\t\tself.emit('error', err);","\t\t\t\t}","\t\t\t}","\t\t\t","\t\t\t// Gather a list of all of the image declarations","\t\t\tvar chunkBackgroundImageDeclarations = getBackgroundImageDeclarations(styles, settings.includeMode);","","","\t\t\t// Go through each declaration and gather the image paths","\t\t\t// We find the new images that we found in this chunk verify they exist below","\t\t\t//\t\tWe use an object so we don't get any duplicates","\t\t\tvar newImagesfFromChunkMap = {};","\t\t\tvar backgroundURLMatchAllRegex = new RegExp(spriterUtil.backgroundURLRegex.source, \"gi\");","\t\t\tchunkBackgroundImageDeclarations.forEach(function(declaration) {","","\t\t\t\t// Match each background image in the declaration (there could be multiple background images per value)","\t\t\t\tspriterUtil.matchBackgroundImages(declaration.value, function(imagePath) {","\t\t\t\t\timagePath = path.join(path.dirname(chunk.path), imagePath);","","\t\t\t\t\t// If not already in the overall list of images collected","\t\t\t\t\t// Add to the queue/list of images to be verified","\t\t\t\t\tif(!imageMap[imagePath]) {","\t\t\t\t\t\tnewImagesfFromChunkMap[imagePath] = true;","\t\t\t\t\t}","","\t\t\t\t\t// Add it to the main overall list to keep track","\t\t\t\t\timageMap[imagePath] = true;","\t\t\t\t});","\t\t\t});","","\t\t\t// Filter out any images that do not exist depending on `settings.shouldVerifyImagesExist`","\t\t\tObject.keys(newImagesfFromChunkMap).forEach(function(imagePath) {","\t\t\t\tvar filePromise;","\t\t\t\tif(settings.shouldVerifyImagesExist) {","\t\t\t\t\tfilePromise = stat(imagePath).then(function() {","\t\t\t\t\t\treturn {","\t\t\t\t\t\t\tdoesExist: true,","\t\t\t\t\t\t\tpath: imagePath","\t\t\t\t\t\t};","\t\t\t\t\t}, function() {","\t\t\t\t\t\treturn {","\t\t\t\t\t\t\tdoesExist: false,","\t\t\t\t\t\t\tpath: imagePath","\t\t\t\t\t\t};","\t\t\t\t\t});","\t\t\t\t}","\t\t\t\telse {","\t\t\t\t\t// If they don't want us to verify it exists, just pass it on with a undefined `doesExist` property","\t\t\t\t\tfilePromise = Promise.resolve({","\t\t\t\t\t\tdoesExist: undefined,","\t\t\t\t\t\tpath: imagePath","\t\t\t\t\t});","\t\t\t\t}","","\t\t\t\timagePromiseArray.push(filePromise);","\t\t\t});","","","\t\t\t// Keep track of each chunk and what declarations go with it","\t\t\t// Because the positions/line numbers pertain to that chunk only","\t\t\tchunkList.push(chunk);","","\t\t}","","","\t\t// \"call callback when the transform operation is complete.\"","\t\tcb();","","\t}, function(cb) {","\t\t// http://nodejs.org/docs/latest/api/stream.html#stream_transform_flush_callback","\t\t//console.log('flush');","\t\tvar self = this;","","\t\t// Create an verified image list when all of the async checks have finished","\t\tvar imagesVerifiedPromise = Promise.settle(imagePromiseArray).then(function(results) {","\t\t\tvar imageList = [];","\t\t\tArray.prototype.forEach.call(results, function(result) {","\t\t\t\timageInfo = result.value();","","\t\t\t\tif(imageInfo.doesExist === true || imageInfo.doesExist === undefined) {","\t\t\t\t\timageList.push(imageInfo.path);","\t\t\t\t}","\t\t\t\telse {","\t\t\t\t\t// Tell them that we could not find the image","\t\t\t\t\tvar logMessage = 'Image could not be found: ' + imageInfo.path;","\t\t\t\t\tself.emit('log', logMessage);","","\t\t\t\t\t// Emit an error if necessary","\t\t\t\t\tif(!settings.silent) {","\t\t\t\t\t\tself.emit('error', new Error(logMessage));","\t\t\t\t\t}","\t\t\t\t}","\t\t\t});","","\t\t\treturn imageList;","\t\t});","","","\t\t// Start spriting once we know the true list of images that exist","\t\timagesVerifiedPromise.then(function(imageList) {","","\t\t\t// Generate the spritesheet","\t\t\tvar spritesmithOptions = extend({}, settings.spritesmithOptions, { src: imageList });","\t\t\t","\t\t\tvar spriteSmithBuildPromise = spritesmithBuild(spritesmithOptions);","","\t\t\tspriteSmithBuildPromise.then(function(result) {","","\t\t\t\tvar whenImageDealtWithPromise = new Promise(function(resolve, reject) {","\t\t\t\t\t// Save out the spritesheet image","\t\t\t\t\tif(settings.spriteSheet) {","\t\t\t\t\t\tvar spriteSheetSavedPromise = outputFile(settings.spriteSheet, result.image, 'binary').then(function() {","\t\t\t\t\t\t\t","\t\t\t\t\t\t\t//console.log(\"The file was saved!\");","","\t\t\t\t\t\t\t// Push all of the chunks back on the pipe","\t\t\t\t\t\t\tchunkList.forEach(function(chunk) {","","\t\t\t\t\t\t\t\tvar transformedChunk = chunk.clone();","","\t\t\t\t\t\t\t\ttry {","\t\t\t\t\t\t\t\t\ttransformedChunk = transformFileWithSpriteSheetData(transformedChunk, result.coordinates, settings.pathToSpriteSheetFromCSS, settings.includeMode, settings.silent, settings.outputIndent);","\t\t\t\t\t\t\t\t}","\t\t\t\t\t\t\t\tcatch(err) {","\t\t\t\t\t\t\t\t\terr.message = 'Something went wrong when transforming chunks: ' + err.message;","\t\t\t\t\t\t\t\t\tself.emit('log', err.message);","","\t\t\t\t\t\t\t\t\t// Emit an error if necessary","\t\t\t\t\t\t\t\t\tif(!settings.silent) {","\t\t\t\t\t\t\t\t\t\tself.emit('error', err);","\t\t\t\t\t\t\t\t\t}","","\t\t\t\t\t\t\t\t\treject(err);","\t\t\t\t\t\t\t\t}","","","\t\t\t\t\t\t\t\t// Attach the spritesheet in case someone wants to use it down the pipe","\t\t\t\t\t\t\t\ttransformedChunk.spritesheet = result.image;","","\t\t\t\t\t\t\t\t// Push it back on the main pipe","\t\t\t\t\t\t\t\tself.push(transformedChunk);","\t\t\t\t\t\t\t});","","","\t\t\t\t\t\t}).catch(function(err) {","\t\t\t\t\t\t\tsettings.spriteSheetBuildCallback(err, null);","\t\t\t\t\t\t\treject(err);","\t\t\t\t\t\t});","","","\t\t\t\t\t\tspriteSheetSavedPromise.then(function() {","","\t\t\t\t\t\t\t// Call a callback from the settings the user can hook onto","\t\t\t\t\t\t\tif(settings.spriteSheetBuildCallback) {","\t\t\t\t\t\t\t\tsettings.spriteSheetBuildCallback(null, result);","\t\t\t\t\t\t\t}","","\t\t\t\t\t\t\tresolve();","\t\t\t\t\t\t});","\t\t\t\t\t}","\t\t\t\t\telse {","\t\t\t\t\t\tresolve();","\t\t\t\t\t}","\t\t\t\t});","","\t\t\t\twhenImageDealtWithPromise.finally(function() {","\t\t\t\t\t// \"call callback when the flush operation is complete.\"","\t\t\t\t\tcb();","\t\t\t\t});","","\t\t\t\t","\t\t\t}, function(err) {","\t\t\t\tif(err) {","\t\t\t\t\terr.message = 'Error creating sprite sheet image:\\n' + err.message;","\t\t\t\t\tself.emit('error', new gutil.PluginError(PLUGIN_NAME, err));","\t\t\t\t}","\t\t\t});","","","\t\t});","","","","\t\t","","\t});","","\t// returning the file stream","\treturn stream;","};","","","module.exports = spriter;"],"l":{"8":1,"9":1,"11":1,"12":1,"13":1,"15":1,"16":1,"17":1,"19":1,"20":1,"21":1,"24":1,"25":1,"26":1,"33":1,"36":1,"38":0,"65":0,"68":0,"70":0,"72":0,"74":0,"85":0,"86":0,"88":0,"89":0,"91":0,"92":0,"93":0,"99":0,"100":0,"103":0,"104":0,"109":0,"115":0,"116":0,"117":0,"120":0,"121":0,"125":0,"126":0,"130":0,"135":0,"136":0,"137":0,"138":0,"139":0,"144":0,"152":0,"158":0,"164":0,"170":0,"175":0,"178":0,"179":0,"180":0,"181":0,"183":0,"184":0,"188":0,"189":0,"192":0,"193":0,"198":0,"203":0,"206":0,"208":0,"210":0,"212":0,"214":0,"215":0,"220":0,"222":0,"224":0,"225":0,"228":0,"229":0,"232":0,"233":0,"236":0,"241":0,"244":0,"249":0,"250":0,"254":0,"257":0,"258":0,"261":0,"265":0,"269":0,"271":0,"276":0,"277":0,"278":0,"292":0,"296":1}},"/home/travis/build/npmtest/node-npmtest-gulp-css-spriter/node_modules/gulp-css-spriter/lib/spriter-util.js":{"path":"/home/travis/build/npmtest/node-npmtest-gulp-css-spriter/node_modules/gulp-css-spriter/lib/spriter-util.js","s":{"1":1,"2":1,"3":0,"4":0,"5":0,"6":0,"7":1},"b":{},"f":{"1":0,"2":0},"fnMap":{"1":{"name":"matchBackgroundImages","line":5,"loc":{"start":{"line":5,"column":0},"end":{"line":5,"column":53}}},"2":{"name":"(anonymous_2)","line":8,"loc":{"start":{"line":8,"column":61},"end":{"line":8,"column":105}}}},"statementMap":{"1":{"start":{"line":2,"column":0},"end":{"line":2,"column":84}},"2":{"start":{"line":5,"column":0},"end":{"line":13,"column":1}},"3":{"start":{"line":6,"column":1},"end":{"line":6,"column":78}},"4":{"start":{"line":8,"column":1},"end":{"line":12,"column":4}},"5":{"start":{"line":9,"column":2},"end":{"line":9,"column":21}},"6":{"start":{"line":11,"column":2},"end":{"line":11,"column":33}},"7":{"start":{"line":17,"column":0},"end":{"line":20,"column":2}}},"branchMap":{},"code":["","var backgroundURLRegex = (/(.*?url\\([\"\\']?)(.*?\\.(?:png|jpg|gif))([\"\\']?\\).*?;?)/i);","","","function matchBackgroundImages(declarationValue, cb) {","\tvar backgroundURLMatchAllRegex = new RegExp(backgroundURLRegex.source, \"gi\");","","\treturn declarationValue.replace(backgroundURLMatchAllRegex, function(match, p1, p2, p3, offset, string) {","\t\tvar imagePath = p2;","","\t\treturn p1 + cb(imagePath) + p3;","\t});","}","","","","module.exports = {","\t'backgroundURLRegex': backgroundURLRegex,","\t'matchBackgroundImages':matchBackgroundImages","};",""],"l":{"2":1,"5":1,"6":0,"8":0,"9":0,"11":0,"17":1}},"/home/travis/build/npmtest/node-npmtest-gulp-css-spriter/node_modules/gulp-css-spriter/lib/get-background-image-declarations.js":{"path":"/home/travis/build/npmtest/node-npmtest-gulp-css-spriter/node_modules/gulp-css-spriter/lib/get-background-image-declarations.js","s":{"1":1,"2":1,"3":0,"4":0,"5":0,"6":0,"7":0,"8":1},"b":{"1":[0,0]},"f":{"1":0,"2":0},"fnMap":{"1":{"name":"getBackgroundImageDeclarations","line":7,"loc":{"start":{"line":7,"column":0},"end":{"line":7,"column":61}}},"2":{"name":"(anonymous_2)","line":12,"loc":{"start":{"line":12,"column":75},"end":{"line":12,"column":97}}}},"statementMap":{"1":{"start":{"line":2,"column":0},"end":{"line":2,"column":132}},"2":{"start":{"line":7,"column":0},"end":{"line":17,"column":1}},"3":{"start":{"line":8,"column":1},"end":{"line":8,"column":41}},"4":{"start":{"line":11,"column":1},"end":{"line":11,"column":38}},"5":{"start":{"line":12,"column":1},"end":{"line":14,"column":4}},"6":{"start":{"line":13,"column":2},"end":{"line":13,"column":48}},"7":{"start":{"line":16,"column":1},"end":{"line":16,"column":36}},"8":{"start":{"line":23,"column":0},"end":{"line":23,"column":48}}},"branchMap":{"1":{"line":8,"type":"binary-expr","locations":[{"start":{"line":8,"column":15},"end":{"line":8,"column":26}},{"start":{"line":8,"column":30},"end":{"line":8,"column":40}}]}},"code":["","var mapOverStylesAndTransformBackgroundImageDeclarations = require('./map-over-styles-and-transform-background-image-declarations');","","","// Pass in a styles object from `css.parse`","// See main module for `includeMode` values","function getBackgroundImageDeclarations(styles, includeMode) {","\tincludeMode = includeMode || 'implicit';","\t","\t// First get all of the background image declarations","\tvar backgroundImageDeclarations = [];","\tmapOverStylesAndTransformBackgroundImageDeclarations(styles, includeMode, function(declaration) {","\t\tbackgroundImageDeclarations.push(declaration);","\t});","","\treturn backgroundImageDeclarations;","}","","","","","","module.exports = getBackgroundImageDeclarations;"],"l":{"2":1,"7":1,"8":0,"11":0,"12":0,"13":0,"16":0,"23":1}},"/home/travis/build/npmtest/node-npmtest-gulp-css-spriter/node_modules/gulp-css-spriter/lib/map-over-styles-and-transform-background-image-declarations.js":{"path":"/home/travis/build/npmtest/node-npmtest-gulp-css-spriter/node_modules/gulp-css-spriter/lib/map-over-styles-and-transform-background-image-declarations.js","s":{"1":1,"2":1,"3":1,"4":1,"5":1,"6":0,"7":0,"8":0,"9":1,"10":0,"11":0,"12":0,"13":0,"14":0,"15":1,"16":1,"17":0,"18":0,"19":0,"20":0,"21":0,"22":0,"23":0,"24":0,"25":0,"26":0,"27":0,"28":0,"29":0,"30":0,"31":0,"32":0,"33":0,"34":0,"35":1,"36":0,"37":0,"38":0,"39":0,"40":0,"41":0,"42":1},"b":{"1":[0,0],"2":[0,0,0],"3":[0,0,0],"4":[0,0],"5":[0,0],"6":[0,0],"7":[0,0],"8":[0,0],"9":[0,0],"10":[0,0],"11":[0,0]},"f":{"1":0,"2":0,"3":0,"4":0,"5":0,"6":0,"7":0,"8":0},"fnMap":{"1":{"name":"mapOverStylesAndTransformBackgroundImageDeclarations","line":9,"loc":{"start":{"line":9,"column":0},"end":{"line":9,"column":87}}},"2":{"name":"(anonymous_2)","line":11,"loc":{"start":{"line":11,"column":72},"end":{"line":11,"column":94}}},"3":{"name":"shouldIncludeFactoringInMetaData","line":20,"loc":{"start":{"line":20,"column":0},"end":{"line":20,"column":61}}},"4":{"name":"mapOverStylesAndTransformAllBackgroundImageDeclarations","line":35,"loc":{"start":{"line":35,"column":0},"end":{"line":35,"column":77}}},"5":{"name":"transformDeclaration","line":37,"loc":{"start":{"line":37,"column":1},"end":{"line":37,"column":76}}},"6":{"name":"(anonymous_6)","line":65,"loc":{"start":{"line":65,"column":40},"end":{"line":65,"column":66}}},"7":{"name":"(anonymous_7)","line":72,"loc":{"start":{"line":72,"column":49},"end":{"line":72,"column":94}}},"8":{"name":"attachInfoToDeclaration","line":87,"loc":{"start":{"line":87,"column":0},"end":{"line":88,"column":0}}}},"statementMap":{"1":{"start":{"line":1,"column":0},"end":{"line":1,"column":31}},"2":{"start":{"line":3,"column":0},"end":{"line":3,"column":44}},"3":{"start":{"line":4,"column":0},"end":{"line":4,"column":75}},"4":{"start":{"line":5,"column":0},"end":{"line":5,"column":46}},"5":{"start":{"line":9,"column":0},"end":{"line":17,"column":1}},"6":{"start":{"line":11,"column":1},"end":{"line":16,"column":4}},"7":{"start":{"line":13,"column":2},"end":{"line":15,"column":3}},"8":{"start":{"line":14,"column":3},"end":{"line":14,"column":36}},"9":{"start":{"line":20,"column":0},"end":{"line":28,"column":1}},"10":{"start":{"line":21,"column":1},"end":{"line":21,"column":79}},"11":{"start":{"line":22,"column":1},"end":{"line":22,"column":119}},"12":{"start":{"line":23,"column":1},"end":{"line":23,"column":83}},"13":{"start":{"line":24,"column":1},"end":{"line":24,"column":82}},"14":{"start":{"line":27,"column":1},"end":{"line":27,"column":22}},"15":{"start":{"line":35,"column":0},"end":{"line":82,"column":1}},"16":{"start":{"line":37,"column":1},"end":{"line":59,"column":2}
[...]
, declarationIndex, declarations);","\t\t\t}","\t\t}","","\t\t// Wrap in an object so that the declaration doesn't get interpreted","\t\treturn {","\t\t\t'value': transformedDeclaration","\t\t};","\t}","","\t// Clone the declartion to keep it immutable","\tvar transformedStyles = extend(true, {}, styles);","","\t// Go over each background `url()` declarations","\ttransformedStyles.stylesheet.rules.map(function(rule, ruleIndex) {","\t\tif(rule.type === 'rule') {","\t\t\trule.declarations = transformMap(rule.declarations, transformDeclaration);","\t\t}","","\t\tif(rule.type === 'keyframes') {","\t\t\t// Get keyframe from keyframes","\t\t\trule.keyframes = transformMap(rule.keyframes, function(keyframe, keyframeIndex, keyframes) {","\t\t\t\t// Get declarations from keyframe","\t\t\t\tkeyframe.declarations = transformMap(keyframe.declarations, transformDeclaration);","\t\t\t});","\t\t}","","\t\treturn rule;","\t});","","\treturn transformedStyles;","}","","// We do NOT directly modify the declaration in the rule","// We pass the whole rule and current index so we can properly look at the metaData around each declaration","// and add it to the declaration","function attachInfoToDeclaration(declarations, declarationIndex)","{","\tif(declarations.length > declarationIndex) {","\t\t// Clone the declartion to keep it immutable","\t\tvar declaration = extend(true, {}, declarations[declarationIndex]);","","\t\tvar declarationMetaInfo = getMetaInfoForDeclaration(declarations, declarationIndex);","","\t\t// Add the meta into to the declaration","\t\tdeclaration.meta = extend(true, {}, declaration.meta, declarationMetaInfo);","","\t\treturn declaration;","\t}","","\treturn null;","}","","","","module.exports = mapOverStylesAndTransformBackgroundImageDeclarations;",""],"l":{"1":1,"3":1,"4":1,"5":1,"9":1,"11":0,"13":0,"14":0,"20":1,"21":0,"22":0,"23":0,"24":0,"27":0,"35":1,"37":1,"39":0,"40":0,"43":0,"44":0,"47":0,"48":0,"50":0,"51":0,"56":0,"62":0,"65":0,"66":0,"67":0,"70":0,"72":0,"74":0,"78":0,"81":0,"87":1,"89":0,"91":0,"93":0,"96":0,"98":0,"101":0,"106":1}},"/home/travis/build/npmtest/node-npmtest-gulp-css-spriter/node_modules/gulp-css-spriter/lib/get-meta-info-for-declaration.js":{"path":"/home/travis/build/npmtest/node-npmtest-gulp-css-spriter/node_modules/gulp-css-spriter/lib/get-meta-info-for-declaration.js","s":{"1":1,"2":1,"3":0,"4":0,"5":0,"6":0,"7":0,"8":0,"9":0,"10":0,"11":0,"12":0,"13":0,"14":0,"15":1,"16":0,"17":0,"18":0,"19":0,"20":0,"21":0,"22":0,"23":1},"b":{"1":[0,0],"2":[0,0],"3":[0,0],"4":[0,0],"5":[0,0],"6":[0,0],"7":[0,0],"8":[0,0],"9":[0,0],"10":[0,0],"11":[0,0],"12":[0,0],"13":[0,0],"14":[0,0]},"f":{"1":0,"2":0},"fnMap":{"1":{"name":"getMetaInfoForDeclaration","line":4,"loc":{"start":{"line":4,"column":0},"end":{"line":4,"column":67}}},"2":{"name":"parseCommentDecarationForMeta","line":42,"loc":{"start":{"line":42,"column":0},"end":{"line":42,"column":52}}}},"statementMap":{"1":{"start":{"line":1,"column":0},"end":{"line":1,"column":31}},"2":{"start":{"line":4,"column":0},"end":{"line":40,"column":1}},"3":{"start":{"line":5,"column":1},"end":{"line":5,"column":28}},"4":{"start":{"line":7,"column":1},"end":{"line":36,"column":2}},"5":{"start":{"line":8,"column":2},"end":{"line":8,"column":55}},"6":{"start":{"line":9,"column":2},"end":{"line":35,"column":3}},"7":{"start":{"line":16,"column":3},"end":{"line":16,"column":60}},"8":{"start":{"line":17,"column":3},"end":{"line":17,"column":59}},"9":{"start":{"line":20,"column":3},"end":{"line":24,"column":4}},"10":{"start":{"line":23,"column":4},"end":{"line":23,"column":80}},"11":{"start":{"line":26,"column":3},"end":{"line":34,"column":4}},"12":{"start":{"line":31,"column":4},"end":{"line":33,"column":5}},"13":{"start":{"line":32,"column":5},"end":{"line":32,"column":80}},"14":{"start":{"line":39,"column":1},"end":{"line":39,"column":26}},"15":{"start":{"line":42,"column":0},"end":{"line":60,"column":1}},"16":{"start":{"line":43,"column":1},"end":{"line":59,"column":2}},"17":{"start":{"line":46,"column":2},"end":{"line":46,"column":70}},"18":{"start":{"line":48,"column":2},"end":{"line":58,"column":3}},"19":{"start":{"line":49,"column":3},"end":{"line":49,"column":23}},"20":{"start":{"line":50,"column":3},"end":{"line":55,"column":4}},"21":{"start":{"line":51,"column":4},"end":{"line":51,"column":44}},"22":{"start":{"line":57,"column":3},"end":{"line":57,"column":21}},"23":{"start":{"line":64,"column":0},"end":{"line":64,"column":43}}},"branchMap":{"1":{"line":7,"type":"if","locations":[{"start":{"line":7,"column":1},"end":{"line":7,"column":1}},{"start":{"line":7,"column":1},"end":{"line":7,"column":1}}]},"2":{"line":7,"type":"binary-expr","locations":[{"start":{"line":7,"column":4},"end":{"line":7,"column":24}},{"start":{"line":7,"column":28},"end":{"line":7,"column":66}}]},"3":{"line":9,"type":"if","locations":[{"start":{"line":9,"column":2},"end":{"line":9,"column":2}},{"start":{"line":9,"column":2},"end":{"line":9,"column":2}}]},"4":{"line":20,"type":"if","locations":[{"start":{"line":20,"column":3},"end":{"line":20,"column":3}},{"start":{"line":20,"column":3},"end":{"line":20,"column":3}}]},"5":{"line":26,"type":"if","locations":[{"start":{"line":26,"column":3},"end":{"line":26,"column":3}},{"start":{"line":26,"column":3},"end":{"line":26,"column":3}}]},"6":{"line":31,"type":"if","locations":[{"start":{"line":31,"column":4},"end":{"line":31,"column":4}},{"start":{"line":31,"column":4},"end":{"line":31,"column":4}}]},"7":{"line":31,"type":"binary-expr","locations":[{"start":{"line":31,"column":8},"end":{"line":31,"column":55}},{"start":{"line":31,"column":59},"end":{"line":31,"column":61}}]},"8":{"line":31,"type":"binary-expr","locations":[{"start":{"line":31,"column":9},"end":{"line":31,"column":42}},{"start":{"line":31,"column":46},"end":{"line":31,"column":48}}]},"9":{"line":31,"type":"binary-expr","locations":[{"start":{"line":31,"column":10},"end":{"line":31,"column":26}},{"start":{"line":31,"column":30},"end":{"line":31,"column":32}}]},"10":{"line":31,"type":"binary-expr","locations":[{"start":{"line":31,"column":73},"end":{"line":31,"column":119}},{"start":{"line":31,"column":123},"end":{"line":31,"column":125}}]},"11":{"line":31,"type":"binary-expr","locations":[{"start":{"line":31,"column":74},"end":{"line":31,"column":106}},{"start":{"line":31,"column":110},"end":{"line":31,"column":112}}]},"12":{"line":31,"type":"binary-expr","locations":[{"start":{"line":31,"column":75},"end":{"line":31,"column":90}},{"start":{"line":31,"column":94},"end":{"line":31,"column":96}}]},"13":{"line":43,"type":"if","locations":[{"start":{"line":43,"column":1},"end":{"line":43,"column":1}},{"start":{"line":43,"column":1},"end":{"line":43,"column":1}}]},"14":{"line":48,"type":"if","locations":[{"start":{"line":48,"column":2},"end":{"line":48,"column":2}},{"start":{"line":48,"column":2},"end":{"line":48,"column":2}}]}},"code":["var extend = require('extend');","","","function getMetaInfoForDeclaration(declarations, declarationIndex) {","\tvar resultantMetaData = {};","","\tif(declarationIndex > 0 && declarationIndex < declarations.length) {","\t\tvar mainDeclaration = declarations[declarationIndex];","\t\tif(mainDeclaration) {","","\t\t\t// Meta data can exist before or on the same line as the declaration.","\t\t\t// Both Meta blocks are valid for the background property","\t\t\t// ex.","\t\t\t// /* @meta {\"spritesheet\": {\"include\": false}} */","\t\t\t// background: url('../images/aenean-purple.png'); /* @meta {\"sprite\": {\"skip\": true}} */","\t\t\tvar beforeDeclaration = declarations[declarationIndex-1];","\t\t\tvar afterDeclaration = declarations[declarationIndex+1];","","","\t\t\tif(beforeDeclaration) {","\t\t\t\t// The before declaration should be valid no matter what (even if multiple lines above)","\t\t\t\t// The parse function does all the nice checking for us","\t\t\t\textend(resultantMetaData, parseCommentDecarationForMeta(beforeDeclaration));","\t\t\t}","","\t\t\tif(afterDeclaration) {","\t\t\t\t//console.log(mainDeclaration);","\t\t\t\t//console.log(afterDeclaration);","\t\t\t\t//console.log(afterDeclaration.position.start.line, mainDeclaration.position.start.line);","\t\t\t\t// Make sure that the comment starts on the same line as the main declaration","\t\t\t\tif((((afterDeclaration || {}).position || {}).start || {}).line === (((mainDeclaration || {}).position || {}).start || {}).line) {","\t\t\t\t\textend(resultantMetaData, parseCommentDecarationForMeta(afterDeclaration));","\t\t\t\t}","\t\t\t}","\t\t}","\t}","","","\treturn resultantMetaData;","}","","function parseCommentDecarationForMeta(declaration) {","\tif(declaration.type === \"comment\") {","\t\t//console.log(declaration);","","\t\tvar metaMatches = declaration.comment.match(/@meta\\s*({.*?}(?!}))/);","","\t\tif(metaMatches) {","\t\t\tvar parsedMeta = {};","\t\t\ttry {","\t\t\t\tparsedMeta = JSON.parse(metaMatches[1]);","\t\t\t}","\t\t\tcatch(e) {","\t\t\t\t//console.warn('Meta info was found but failed was not valid JSON');","\t\t\t}","","\t\t\treturn parsedMeta;","\t\t}","\t}","}","","","","module.exports = getMetaInfoForDeclaration;"],"l":{"1":1,"4":1,"5":0,"7":0,"8":0,"9":0,"16":0,"17":0,"20":0,"23":0,"26":0,"31":0,"32":0,"39":0,"42":1,"43":0,"46":0,"48":0,"49":0,"50":0,"51":0,"57":0,"64":1}},"/home/travis/build/npmtest/node-npmtest-gulp-css-spriter/node_modules/gulp-css-spriter/lib/transform-map.js":{"path":"/home/travis/build/npmtest/node-npmtest-gulp-css-spriter/node_modules/gulp-css-spriter/lib/transform-map.js","s":{"1":1,"2":1,"3":0,"4":0,"5":0,"6":0,"7":0,"8":0,"9":0,"10":0,"11":0,"12":0,"13":0,"14":0,"15":0,"16":0,"17":0,"18":1},"b":{"1":[0,0],"2":[0,0],"3":[0,0],"4":[0,0]},"f":{"1":0},"fnMap":{"1":{"name":"transformMap","line":3,"loc":{"start":{"line":3,"column":0},"end":{"line":3,"column":31}}}},"statementMap":{"1":{"start":{"line":1,"column":0},"end":{"line":1,"column":31}},"2":{"start":{"line":3,"column":0},"end":{"line":40,"column":1}},"3":{"start":{"line":4,"column":1},"end":{"line":4,"column":44}},"4":{"start":{"line":6,"column":1},"end":{"line":37,"column":2}},"5":{"start":{"line":7,"column":2},"end":{"line":7,"column":29}},"6":{"start":{"line":9,"column":2},"end":{"line":9,"column":41}},"7":{"start":{"line":11,"column":2},"end":{"line":15,"column":4}},"8":{"start":{"line":18,"column":2},"end":{"line":18,"column":67}},"9":{"start":{"line":20,"column":2},"end":{"line":20,"column":40}},"10":{"start":{"line":24,"column":2},"end":{"line":24,"column":59}},"11":{"start":{"line":27,"column":2},"end":{"line":27,"column":56}},"12":{"start":{"line":28,"column":2},"end":{"line":30,"column":3}},"13":{"start":{"line":29,"column":3},"end":{"line":29,"column":81}},"14":{"start":{"line":33,"column":2},"end":{"line":33,"column":56}},"15":{"start":{"line":34,"column":2},"end":{"line":36,"column":3}},"16":{"start":{"line":35,"column":3},"end":{"line":35,"column":58}},"17":{"start":{"line":39,"column":1},"end":{"line":39,"column":23}},"18":{"start":{"line":43,"column":0},"end":{"line":43,"column":30}}},"branchMap":{"1":{"line":18,"type":"cond-expr","locations":[{"start":{"line":18,"column":40},"end":{"line":18,"column":46}},{"start":{"line":18,"column":49},"end":{"line":18,"column":66}}]},"2":{"line":24,"type":"cond-expr","locations":[{"start":{"line":24,"column":37},"end":{"line":24,"column":49}},{"start":{"line":24,"column":52},"end":{"line":24,"column":58}}]},"3":{"line":28,"type":"if","locations":[{"start":{"line":28,"column":2},"end":{"line":28,"column":2}},{"start":{"line":28,"column":2},"end":{"line":28,"column":2}}]},"4":{"line":34,"type":"if","locations":[{"start":{"line":34,"column":2},"end":{"line":34,"column":2}},{"start":{"line":34,"column":2},"end":{"line":34,"column":2}}]}},"code":["var extend = require('extend');","","function transformMap(arr, cb) {","\tvar resultantArray = extend(true, [], arr);","","\tfor(var i = 0; i < resultantArray.length; i++) {","\t\tvar el = resultantArray[i];","\t\t","\t\tvar result = cb(el, i, resultantArray);","\t\t","\t\tvar defaults = {","\t\t\tvalue: el,","\t\t\tinsertElements: [],","\t\t\tappendElements: []","\t\t};","\t\t","\t\t// You can pass in a bare value or as the `value` property of an object","\t\tresult = typeof result === 'object' ? result : { value: result };","\t\t// Massage the result into shape","\t\tresult = extend({}, defaults, result);","\t\t","","\t\t// Transform the current value","\t\tresultantArray[i] = result.value ? result.value : result;","\t\t","\t\t// Insert after the current element","\t\tvar insertElements = [].concat(result.insertElements);","\t\tif(insertElements.length > 0) {","\t\t\tArray.prototype.splice.apply(resultantArray, [i+1, 0].concat(insertElements));","\t\t}","","\t\t// Add the elements onto the end","\t\tvar appendElements = [].concat(result.appendElements);","\t\tif(appendElements.length > 0) {","\t\t\tresultantArray = resultantArray.concat(appendElements);","\t\t}","\t}","","\treturn resultantArray;","}","","","module.exports = transformMap;"],"l":{"1":1,"3":1,"4":0,"6":0,"7":0,"9":0,"11":0,"18":0,"20":0,"24":0,"27":0,"28":0,"29":0,"33":0,"34":0,"35":0,"39":0,"43":1}},"/home/travis/build/npmtest/node-npmtest-gulp-css-spriter/node_modules/gulp-css-spriter/lib/transform-file-with-sprite-sheet-data.js":{"path":"/home/travis/build/npmtest/node-npmtest-gulp-css-spriter/node_modules/gulp-css-spriter/lib/transform-file-with-sprite-sheet-data.js","s":{"1":1,"2":1,"3":1,"4":1,"5":1,"6":1,"7":1,"8":0,"9":0,"10":0,"11":0,"12":0,"13":0,"14":0,"15":0,"16":0,"17":0,"18":0,"19":0,"20":0,"21":0,"22":0,"23":0,"24":0,"25":0,"26":0,"27":0,"28":1},"b":{"1":[0,0],"2":[0,0],"3":[0,0],"4":[0,0],"5":[0,0],"6":[0,0]},"f":{"1":0,"2":0,"3":0,"4":0},"fnMap":{"1":{"name":"transformFileWithSpriteSheetData","line":13,"loc":{"start":{"line":13,"column":0},"end":{"line":13,"column":168}}},"2":{"name":"(anonymous_2)","line":28,"loc":{"start":{"line":28,"column":85},"end":{"line":28,"column":107}}},"3":{"name":"(anonymous_3)","line":31,"loc":{"start":{"line":31,"column":76},"end":{"line":31,"column":96}}},"4":{"name":"(anonymous_4)","line":51,"loc":{"start":{"line":51,"column":23},"end":{"line":51,"column":34}}}},"statementMap":{"1":{"start":{"line":1,"column":0},"end":{"line":1,"column":27}},"2":{"start":{"line":2,"column":0},"end":{"line":2,"column":31}},"3":{"start":{"line":4,"column":0},"end":{"line":4,"column":25}},"4":{"start":{"line":6,"column":0},"end":{"line":6,"column":44}},"5":{"start":{"line":7,"column":0},"end":{"line":7,"column":132}},"6":{"start":{"line":9,"column":0},"end":{"line":9,"column":89}},"7":{"start":{"line":13,"column":0},"end":{"line":75,"column":1}},"8":{"start":{"line":14,"column":1},"end":{"line":14,"column":54}},"9":{"start":{"line":15,"column":1},"end":{"line":15,"column":56}},"10":{"start":{"line":16,"column":1},"end":{"line":16,"column":51}},"11":{"start":{"line":19,"column":1},"end":{"line":19,"column":39}},"12":{"start":{"line":21,"column":1},"end":{"line":72,"column":2}},"13":{"start":{"line":23,"column":2},"end":{"line":26,"column":5}},"14":{"start":{"line":28,"column":2},"end":{"line":62,"column":5}},"15":{"start":{"line":30,"column":3},"end":{"line":30,"column":22}},"16":{"start":{"line":31,"column":3},"end":{"line":45,"column":6}},"17":{"start":{"line":33,"column":4},"end":{"line":33,"column":87}},"18":{"start":{"line":37,"column":4},"end":{"line":42,"column":5}},"19":{"start":{"line":38,"column":5},"end":{"line":38,"column":63}},"20":{"start":{"line":41,"column":5},"end":{"line":41,"column":37}},"21":{"start":{"line":44,"column":4},"end":{"line":44,"column":21}},"22":{"start":{"line":47,"column":3},"end":{"line":61,"column":5}},"23":{"start":{"line":52,"column":5},"end":{"line":58,"column":6}},"24":{"start":{"line":53,"column":6},"end":{"line":57,"column":8}},"25":{"start":{"line":67,"column":2},"end":{"line":69,"column":5}},"26":{"start":{"line":71,"column":2},"end":{"line":71,"column":57}},"27":{"start":{"line":74,"column":1},"end":{"line":74,"column":22}},"28":{"start":{"line":77,"column":0},"end":{"line":77,"column":50}}},"branchMap":{"1":{"line":14,"type":"cond-expr","locations":[{"start":{"line":14,"column":29},"end":{"line":14,"column":40}},{"start":{"line":14,"column":43},"end":{"line":14,"column":53}}]},"2":{"line":15,"type":"cond-expr","locations":[{"start":{"line":15,"column":39},"end":{"line":15,"column":47}},{"start":{"line":15,"column":50},"end":{"line":15,"column":55}}]},"3":{"line":16,"type":"cond-expr","locations":[{"start":{"line":16,"column":31},"end":{"line":16,"column":43}},{"start":{"line":16,"column":46},"end":{"line":16,"column":50}}]},"4":{"line":21,"type":"if","locations":[{"start":{"line":21,"column":1},"end":{"line":21,"column":1}},{"start":{"line":21,"column":1},"end":{"line":21,"column":1}}]},"5":{"line":37,"type":"if","locations":[{"start":{"line":37,"column":4},"end":{"line":37,"column":4}},{"start":{"line":37,"column":4},"end":{"line":37,"column":4}}]},"6":{"line":52,"type":"if","locations":[{"start":{"line":52,"column":5},"end":{"line":52,"column":5}},{"start":{"line":52,"column":5},"end":{"line":52,"column":5}}]}},"code":["var path = require('path');","var extend = require('extend');","","var css = require('css');","","var spriterUtil = require('./spriter-util');","var mapOverStylesAndTransformBackgroundImageDeclarations = require('./map-over-styles-and-transform-background-image-declarations');","","var backgroundURLMatchAllRegex = new RegExp(spriterUtil.backgroundURLRegex.source, \"gi\");","","","// Replace all the paths that need replacing","function transformFileWithSpriteSheetData(vinylFile, coordinateMap, pathToSpriteSheetFromCSS,  /*optional*/includeMode, /*optional*/isSilent, /*optional*/outputIndent) {","\tincludeMode = includeMode ? includeMode : 'implicit';","\tisSilent = (isSilent !== undefined) ? isSilent : false;","\toutputIndent = outputIndent ? outputIndent : '\\t';","","\t// Clone the declartion to keep it immutable","\tvar resultantFile = vinylFile.clone();","","\tif(resultantFile) {","","\t\tvar styles = css.parse(String(resultantFile.contents), {","\t\t\t'silent': isSilent,","\t\t\t'source': vinylFile.path","\t\t});","","\t\tstyles = mapOverStylesAndTransformBackgroundImageDeclarations(styles, includeMode, function(declaration) {","","\t\t\tvar coordList = [];","\t\t\tdeclaration.value = spriterUtil.matchBackgroundImages(declaration.value, function(imagePath) {","","\t\t\t\tvar coords = coordinateMap[path.join(path.dirname(resultantFile.path), imagePath)];","\t\t\t\t//console.log('coords', coords);","","\t\t\t\t// Make sure there are coords for this image in the sprite sheet, otherwise we won't include it","\t\t\t\tif(coords) {","\t\t\t\t\tcoordList.push(\"-\" + coords.x + \"px -\" + coords.y + \"px\");","","\t\t\t\t\t// If there are coords in the spritemap for this image, lets use the spritemap","\t\t\t\t\treturn pathToSpriteSheetFromCSS;","\t\t\t\t}","","\t\t\t\treturn imagePath;","\t\t\t});","","\t\t\treturn {","\t\t\t\t'value': declaration,","\t\t\t\t/* */","\t\t\t\t// Add the appropriate background position according to the spritemap","\t\t\t\t'insertElements': (function() {","\t\t\t\t\tif(coordList.length > 0) {","\t\t\t\t\t\treturn  {","\t\t\t\t\t\t\ttype: 'declaration',","\t\t\t\t\t\t\tproperty: 'background-position',","\t\t\t\t\t\t\tvalue: coordList.join(', ')","\t\t\t\t\t\t};","\t\t\t\t\t}","\t\t\t\t})()","\t\t\t\t/* */","\t\t\t};","\t\t});","","\t\t//console.log(styles.stylesheet.rules[0].declarations);","","\t\t// Put it back into string form","\t\tvar resultantContents = css.stringify(styles, {","\t\t\tindent: outputIndent","\t\t});","\t\t//console.log(resultantContents);","\t\tresultantFile.contents = new Buffer(resultantContents);","\t}","","\treturn resultantFile;","}","","module.exports = transformFileWithSpriteSheetData;"],"l":{"1":1,"2":1,"4":1,"6":1,"7":1,"9":1,"13":1,"14":0,"15":0,"16":0,"19":0,"21":0,"23":0,"28":0,"30":0,"31":0,"33":0,"37":0,"38":0,"41":0,"44":0,"47":0,"52":0,"53":0,"67":0,"71":0,"74":0,"77":1}}}